{"C:\\Users\\h_ben\\OneDrive\\Desktop\\pood\\לימודים\\My-Application\\server\\app.ts": {"path":"C:\\Users\\h_ben\\OneDrive\\Desktop\\pood\\לימודים\\My-Application\\server\\app.ts","statementMap":{"0":{"start":{"line":1,"column":0},"end":{"line":1,"column":43}},"1":{"start":{"line":2,"column":0},"end":{"line":2,"column":37}},"2":{"start":{"line":3,"column":0},"end":{"line":3,"column":32}},"3":{"start":{"line":4,"column":0},"end":{"line":4,"column":28}},"4":{"start":{"line":5,"column":0},"end":{"line":5,"column":41}},"5":{"start":{"line":6,"column":0},"end":{"line":6,"column":45}},"6":{"start":{"line":7,"column":0},"end":{"line":7,"column":51}},"7":{"start":{"line":8,"column":0},"end":{"line":8,"column":45}},"8":{"start":{"line":9,"column":0},"end":{"line":9,"column":43}},"9":{"start":{"line":10,"column":0},"end":{"line":10,"column":42}},"10":{"start":{"line":11,"column":0},"end":{"line":11,"column":24}},"11":{"start":{"line":12,"column":0},"end":{"line":12,"column":24}},"12":{"start":{"line":13,"column":0},"end":{"line":13,"column":45}},"13":{"start":{"line":14,"column":0},"end":{"line":14,"column":32}},"14":{"start":{"line":15,"column":0},"end":{"line":15,"column":47}},"15":{"start":{"line":17,"column":34},"end":{"line":64,"column":2}},"16":{"start":{"line":18,"column":2},"end":{"line":18,"column":18}},"17":{"start":{"line":19,"column":14},"end":{"line":19,"column":23}},"18":{"start":{"line":21,"column":40},"end":{"line":24,"column":4}},"19":{"start":{"line":26,"column":32},"end":{"line":31,"column":4}},"20":{"start":{"line":34,"column":2},"end":{"line":34,"column":29}},"21":{"start":{"line":35,"column":2},"end":{"line":35,"column":49}},"22":{"start":{"line":36,"column":2},"end":{"line":36,"column":29}},"23":{"start":{"line":37,"column":2},"end":{"line":37,"column":26}},"24":{"start":{"line":38,"column":2},"end":{"line":38,"column":33}},"25":{"start":{"line":41,"column":2},"end":{"line":41,"column":32}},"26":{"start":{"line":42,"column":2},"end":{"line":42,"column":70}},"27":{"start":{"line":43,"column":2},"end":{"line":43,"column":32}},"28":{"start":{"line":44,"column":2},"end":{"line":44,"column":38}},"29":{"start":{"line":45,"column":2},"end":{"line":45,"column":32}},"30":{"start":{"line":46,"column":2},"end":{"line":46,"column":69}},"31":{"start":{"line":49,"column":2},"end":{"line":58,"column":7}},"32":{"start":{"line":52,"column":6},"end":{"line":52,"column":42}},"33":{"start":{"line":53,"column":6},"end":{"line":53,"column":19}},"34":{"start":{"line":56,"column":6},"end":{"line":56,"column":55}},"35":{"start":{"line":57,"column":6},"end":{"line":57,"column":20}},"36":{"start":{"line":61,"column":13},"end":{"line":61,"column":32}},"37":{"start":{"line":62,"column":2},"end":{"line":62,"column":79}},"38":{"start":{"line":62,"column":28},"end":{"line":62,"column":77}},"39":{"start":{"line":63,"column":2},"end":{"line":63,"column":71}},"40":{"start":{"line":63,"column":24},"end":{"line":63,"column":69}},"41":{"start":{"line":66,"column":0},"end":{"line":66,"column":23}}},"fnMap":{"0":{"name":"(anonymous_1)","decl":{"start":{"line":17,"column":46},"end":{"line":17,"column":47}},"loc":{"start":{"line":17,"column":66},"end":{"line":64,"column":1}}},"1":{"name":"(anonymous_2)","decl":{"start":{"line":51,"column":10},"end":{"line":51,"column":13}},"loc":{"start":{"line":51,"column":15},"end":{"line":54,"column":5}}},"2":{"name":"(anonymous_3)","decl":{"start":{"line":55,"column":11},"end":{"line":55,"column":12}},"loc":{"start":{"line":55,"column":21},"end":{"line":58,"column":5}}},"3":{"name":"(anonymous_4)","decl":{"start":{"line":62,"column":17},"end":{"line":62,"column":18}},"loc":{"start":{"line":62,"column":28},"end":{"line":62,"column":77}}},"4":{"name":"(anonymous_5)","decl":{"start":{"line":63,"column":18},"end":{"line":63,"column":21}},"loc":{"start":{"line":63,"column":24},"end":{"line":63,"column":69}}}},"branchMap":{"0":{"loc":{"start":{"line":27,"column":12},"end":{"line":27,"column":52}},"type":"binary-expr","locations":[{"start":{"line":27,"column":12},"end":{"line":27,"column":38}},{"start":{"line":27,"column":42},"end":{"line":27,"column":52}}]}},"s":{"0":1,"1":1,"2":1,"3":1,"4":1,"5":1,"6":1,"7":1,"8":1,"9":1,"10":1,"11":1,"12":1,"13":1,"14":1,"15":1,"16":1,"17":1,"18":1,"19":1,"20":1,"21":1,"22":1,"23":1,"24":1,"25":1,"26":1,"27":1,"28":1,"29":1,"30":1,"31":1,"32":1,"33":1,"34":0,"35":0,"36":1,"37":1,"38":0,"39":1,"40":1,"41":1},"f":{"0":1,"1":1,"2":0,"3":0,"4":1},"b":{"0":[1,0]}}
,"C:\\Users\\h_ben\\OneDrive\\Desktop\\pood\\לימודים\\My-Application\\server\\swaggerConfig.js": {"path":"C:\\Users\\h_ben\\OneDrive\\Desktop\\pood\\לימודים\\My-Application\\server\\swaggerConfig.js","statementMap":{"0":{"start":{"line":1,"column":21},"end":{"line":1,"column":45}},"1":{"start":{"line":3,"column":26},"end":{"line":15,"column":1}},"2":{"start":{"line":17,"column":16},"end":{"line":20,"column":1}},"3":{"start":{"line":22,"column":20},"end":{"line":22,"column":41}},"4":{"start":{"line":24,"column":0},"end":{"line":24,"column":29}}},"fnMap":{},"branchMap":{},"s":{"0":1,"1":1,"2":1,"3":1,"4":1},"f":{},"b":{},"inputSourceMap":null,"_coverageSchema":"1a1c01bbd47fc00a2c39e90264f33305004495a9","hash":"fbd8e0346aff28d6364af1fa89da03c53e589026"}
,"C:\\Users\\h_ben\\OneDrive\\Desktop\\pood\\לימודים\\My-Application\\server\\db\\dbUtils.js": {"path":"C:\\Users\\h_ben\\OneDrive\\Desktop\\pood\\לימודים\\My-Application\\server\\db\\dbUtils.js","statementMap":{"0":{"start":{"line":1,"column":17},"end":{"line":1,"column":36}},"1":{"start":{"line":3,"column":19},"end":{"line":10,"column":2}},"2":{"start":{"line":12,"column":19},"end":{"line":36,"column":2}},"3":{"start":{"line":38,"column":13},"end":{"line":38,"column":47}},"4":{"start":{"line":39,"column":13},"end":{"line":39,"column":47}},"5":{"start":{"line":41,"column":0},"end":{"line":41,"column":32}}},"fnMap":{},"branchMap":{},"s":{"0":1,"1":1,"2":1,"3":1,"4":1,"5":1},"f":{},"b":{},"inputSourceMap":null,"_coverageSchema":"1a1c01bbd47fc00a2c39e90264f33305004495a9","hash":"b940bc5558b973210b126740d0b018b170e1be8c"}
,"C:\\Users\\h_ben\\OneDrive\\Desktop\\pood\\לימודים\\My-Application\\server\\handlers\\auth.ts": {"path":"C:\\Users\\h_ben\\OneDrive\\Desktop\\pood\\לימודים\\My-Application\\server\\handlers\\auth.ts","statementMap":{"0":{"start":{"line":2,"column":0},"end":{"line":2,"column":35}},"1":{"start":{"line":4,"column":23},"end":{"line":19,"column":1}},"2":{"start":{"line":9,"column":2},"end":{"line":16,"column":3}},"3":{"start":{"line":10,"column":4},"end":{"line":14,"column":7}},"4":{"start":{"line":15,"column":4},"end":{"line":15,"column":18}},"5":{"start":{"line":18,"column":2},"end":{"line":18,"column":36}},"6":{"start":{"line":18,"column":22},"end":{"line":18,"column":36}},"7":{"start":{"line":21,"column":0},"end":{"line":21,"column":30}}},"fnMap":{"0":{"name":"(anonymous_0)","decl":{"start":{"line":4,"column":23},"end":{"line":4,"column":28}},"loc":{"start":{"line":8,"column":19},"end":{"line":19,"column":1}}}},"branchMap":{"0":{"loc":{"start":{"line":9,"column":2},"end":{"line":16,"column":3}},"type":"if","locations":[{"start":{"line":9,"column":2},"end":{"line":16,"column":3}}]},"1":{"loc":{"start":{"line":9,"column":6},"end":{"line":9,"column":53}},"type":"binary-expr","locations":[{"start":{"line":9,"column":6},"end":{"line":9,"column":29}},{"start":{"line":9,"column":33},"end":{"line":9,"column":53}}]},"2":{"loc":{"start":{"line":18,"column":2},"end":{"line":18,"column":36}},"type":"if","locations":[{"start":{"line":18,"column":2},"end":{"line":18,"column":36}}]}},"s":{"0":1,"1":1,"2":7,"3":2,"4":2,"5":5,"6":5,"7":1},"f":{"0":7},"b":{"0":[2],"1":[7,6],"2":[5]}}
,"C:\\Users\\h_ben\\OneDrive\\Desktop\\pood\\לימודים\\My-Application\\server\\handlers\\authUtils.ts": {"path":"C:\\Users\\h_ben\\OneDrive\\Desktop\\pood\\לימודים\\My-Application\\server\\handlers\\authUtils.ts","statementMap":{"0":{"start":{"line":1,"column":0},"end":{"line":1,"column":48}},"1":{"start":{"line":3,"column":0},"end":{"line":3,"column":28}},"2":{"start":{"line":5,"column":0},"end":{"line":5,"column":16}},"3":{"start":{"line":7,"column":40},"end":{"line":10,"column":2}},"4":{"start":{"line":11,"column":41},"end":{"line":14,"column":2}},"5":{"start":{"line":16,"column":35},"end":{"line":20,"column":1}},"6":{"start":{"line":17,"column":2},"end":{"line":18,"column":74}},"7":{"start":{"line":18,"column":4},"end":{"line":18,"column":74}},"8":{"start":{"line":19,"column":2},"end":{"line":19,"column":68}},"9":{"start":{"line":16,"column":13},"end":{"line":16,"column":35}},"10":{"start":{"line":22,"column":36},"end":{"line":28,"column":1}},"11":{"start":{"line":23,"column":2},"end":{"line":26,"column":6}},"12":{"start":{"line":24,"column":4},"end":{"line":26,"column":6}},"13":{"start":{"line":27,"column":2},"end":{"line":27,"column":77}},"14":{"start":{"line":22,"column":13},"end":{"line":22,"column":36}},"15":{"start":{"line":30,"column":30},"end":{"line":39,"column":1}},"16":{"start":{"line":31,"column":2},"end":{"line":38,"column":3}},"17":{"start":{"line":32,"column":23},"end":{"line":32,"column":51}},"18":{"start":{"line":33,"column":4},"end":{"line":37,"column":5}},"19":{"start":{"line":34,"column":6},"end":{"line":36,"column":11}},"20":{"start":{"line":30,"column":13},"end":{"line":30,"column":30}},"21":{"start":{"line":41,"column":33},"end":{"line":48,"column":1}},"22":{"start":{"line":42,"column":2},"end":{"line":47,"column":3}},"23":{"start":{"line":43,"column":4},"end":{"line":43,"column":74}},"24":{"start":{"line":43,"column":33},"end":{"line":43,"column":74}},"25":{"start":{"line":44,"column":4},"end":{"line":44,"column":75}},"26":{"start":{"line":46,"column":4},"end":{"line":46,"column":16}},"27":{"start":{"line":41,"column":13},"end":{"line":41,"column":33}},"28":{"start":{"line":50,"column":34},"end":{"line":62,"column":1}},"29":{"start":{"line":53,"column":2},"end":{"line":61,"column":3}},"30":{"start":{"line":54,"column":4},"end":{"line":55,"column":55}},"31":{"start":{"line":55,"column":6},"end":{"line":55,"column":55}},"32":{"start":{"line":56,"column":4},"end":{"line":58,"column":6}},"33":{"start":{"line":60,"column":4},"end":{"line":60,"column":16}},"34":{"start":{"line":50,"column":13},"end":{"line":50,"column":34}},"35":{"start":{"line":64,"column":20},"end":{"line":104,"column":1}},"36":{"start":{"line":65,"column":2},"end":{"line":103,"column":3}},"37":{"start":{"line":66,"column":23},"end":{"line":66,"column":49}},"38":{"start":{"line":67,"column":4},"end":{"line":70,"column":5}},"39":{"start":{"line":68,"column":6},"end":{"line":68,"column":54}},"40":{"start":{"line":69,"column":6},"end":{"line":69,"column":19}},"41":{"start":{"line":72,"column":16},"end":{"line":72,"column":49}},"42":{"start":{"line":73,"column":18},"end":{"line":73,"column":42}},"43":{"start":{"line":75,"column":4},"end":{"line":94,"column":5}},"44":{"start":{"line":76,"column":27},"end":{"line":76,"column":52}},"45":{"start":{"line":77,"column":6},"end":{"line":80,"column":7}},"46":{"start":{"line":78,"column":8},"end":{"line":78,"column":56}},"47":{"start":{"line":79,"column":8},"end":{"line":79,"column":21}},"48":{"start":{"line":82,"column":29},"end":{"line":82,"column":61}},"49":{"start":{"line":83,"column":6},"end":{"line":86,"column":7}},"50":{"start":{"line":84,"column":8},"end":{"line":84,"column":65}},"51":{"start":{"line":85,"column":8},"end":{"line":85,"column":21}},"52":{"start":{"line":88,"column":29},"end":{"line":90,"column":8}},"53":{"start":{"line":91,"column":6},"end":{"line":91,"column":62}},"54":{"start":{"line":93,"column":6},"end":{"line":93,"column":31}},"55":{"start":{"line":96,"column":5},"end":{"line":96,"column":32}},"56":{"start":{"line":98,"column":4},"end":{"line":98,"column":41}},"57":{"start":{"line":99,"column":4},"end":{"line":99,"column":16}},"58":{"start":{"line":101,"column":4},"end":{"line":101,"column":55}},"59":{"start":{"line":102,"column":4},"end":{"line":102,"column":17}},"60":{"start":{"line":64,"column":13},"end":{"line":64,"column":20}}},"fnMap":{"0":{"name":"(anonymous_1)","decl":{"start":{"line":16,"column":35},"end":{"line":16,"column":36}},"loc":{"start":{"line":16,"column":72},"end":{"line":20,"column":1}}},"1":{"name":"(anonymous_2)","decl":{"start":{"line":22,"column":36},"end":{"line":22,"column":37}},"loc":{"start":{"line":22,"column":73},"end":{"line":28,"column":1}}},"2":{"name":"(anonymous_3)","decl":{"start":{"line":30,"column":30},"end":{"line":30,"column":31}},"loc":{"start":{"line":30,"column":67},"end":{"line":39,"column":1}}},"3":{"name":"(anonymous_4)","decl":{"start":{"line":41,"column":33},"end":{"line":41,"column":34}},"loc":{"start":{"line":41,"column":78},"end":{"line":48,"column":1}}},"4":{"name":"(anonymous_5)","decl":{"start":{"line":50,"column":34},"end":{"line":50,"column":null}},"loc":{"start":{"line":52,"column":31},"end":{"line":62,"column":1}}},"5":{"name":"(anonymous_6)","decl":{"start":{"line":64,"column":20},"end":{"line":64,"column":21}},"loc":{"start":{"line":64,"column":61},"end":{"line":104,"column":1}}}},"branchMap":{"0":{"loc":{"start":{"line":17,"column":2},"end":{"line":18,"column":74}},"type":"if","locations":[{"start":{"line":17,"column":2},"end":{"line":18,"column":74}}]},"1":{"loc":{"start":{"line":23,"column":2},"end":{"line":26,"column":6}},"type":"if","locations":[{"start":{"line":23,"column":2},"end":{"line":26,"column":6}}]},"2":{"loc":{"start":{"line":31,"column":2},"end":{"line":38,"column":3}},"type":"if","locations":[{"start":{"line":31,"column":2},"end":{"line":38,"column":3}}]},"3":{"loc":{"start":{"line":33,"column":4},"end":{"line":37,"column":5}},"type":"if","locations":[{"start":{"line":33,"column":4},"end":{"line":37,"column":5}}]},"4":{"loc":{"start":{"line":43,"column":4},"end":{"line":43,"column":74}},"type":"if","locations":[{"start":{"line":43,"column":4},"end":{"line":43,"column":74}}]},"5":{"loc":{"start":{"line":54,"column":4},"end":{"line":55,"column":55}},"type":"if","locations":[{"start":{"line":54,"column":4},"end":{"line":55,"column":55}}]},"6":{"loc":{"start":{"line":67,"column":4},"end":{"line":70,"column":5}},"type":"if","locations":[{"start":{"line":67,"column":4},"end":{"line":70,"column":5}}]},"7":{"loc":{"start":{"line":75,"column":4},"end":{"line":94,"column":5}},"type":"if","locations":[{"start":{"line":75,"column":4},"end":{"line":94,"column":5}}]},"8":{"loc":{"start":{"line":77,"column":6},"end":{"line":80,"column":7}},"type":"if","locations":[{"start":{"line":77,"column":6},"end":{"line":80,"column":7}}]},"9":{"loc":{"start":{"line":83,"column":6},"end":{"line":86,"column":7}},"type":"if","locations":[{"start":{"line":83,"column":6},"end":{"line":86,"column":7}}]}},"s":{"0":1,"1":1,"2":1,"3":1,"4":1,"5":1,"6":2,"7":0,"8":2,"9":1,"10":1,"11":2,"12":0,"13":2,"14":1,"15":1,"16":2,"17":2,"18":2,"19":2,"20":1,"21":1,"22":10,"23":10,"24":0,"25":10,"26":0,"27":1,"28":1,"29":0,"30":0,"31":0,"32":0,"33":0,"34":1,"35":1,"36":5,"37":5,"38":5,"39":0,"40":0,"41":5,"42":5,"43":5,"44":0,"45":0,"46":0,"47":0,"48":0,"49":0,"50":0,"51":0,"52":0,"53":0,"54":0,"55":5,"56":5,"57":5,"58":0,"59":0,"60":1},"f":{"0":2,"1":2,"2":2,"3":10,"4":0,"5":5},"b":{"0":[0],"1":[0],"2":[2],"3":[2],"4":[0],"5":[0],"6":[0],"7":[0],"8":[0],"9":[0]}}
,"C:\\Users\\h_ben\\OneDrive\\Desktop\\pood\\לימודים\\My-Application\\server\\handlers\\passportConfig.ts": {"path":"C:\\Users\\h_ben\\OneDrive\\Desktop\\pood\\לימודים\\My-Application\\server\\handlers\\passportConfig.ts","statementMap":{"0":{"start":{"line":1,"column":0},"end":{"line":1,"column":32}},"1":{"start":{"line":2,"column":0},"end":{"line":2,"column":69}},"2":{"start":{"line":3,"column":0},"end":{"line":3,"column":28}},"3":{"start":{"line":4,"column":0},"end":{"line":4,"column":37}},"4":{"start":{"line":6,"column":0},"end":{"line":6,"column":16}},"5":{"start":{"line":8,"column":13},"end":{"line":8,"column":37}},"6":{"start":{"line":10,"column":0},"end":{"line":46,"column":2}},"7":{"start":{"line":18,"column":6},"end":{"line":43,"column":7}},"8":{"start":{"line":20,"column":22},"end":{"line":20,"column":48}},"9":{"start":{"line":21,"column":25},"end":{"line":21,"column":45}},"10":{"start":{"line":23,"column":29},"end":{"line":25,"column":10}},"11":{"start":{"line":27,"column":21},"end":{"line":30,"column":10}},"12":{"start":{"line":32,"column":8},"end":{"line":38,"column":9}},"13":{"start":{"line":33,"column":26},"end":{"line":33,"column":40}},"14":{"start":{"line":34,"column":10},"end":{"line":34,"column":31}},"15":{"start":{"line":35,"column":10},"end":{"line":35,"column":42}},"16":{"start":{"line":37,"column":10},"end":{"line":37,"column":47}},"17":{"start":{"line":40,"column":8},"end":{"line":40,"column":47}},"18":{"start":{"line":42,"column":8},"end":{"line":42,"column":34}},"19":{"start":{"line":48,"column":0},"end":{"line":50,"column":3}},"20":{"start":{"line":49,"column":2},"end":{"line":49,"column":19}},"21":{"start":{"line":52,"column":0},"end":{"line":54,"column":3}},"22":{"start":{"line":53,"column":2},"end":{"line":53,"column":35}},"23":{"start":{"line":56,"column":0},"end":{"line":56,"column":24}}},"fnMap":{"0":{"name":"(anonymous_1)","decl":{"start":{"line":17,"column":4},"end":{"line":17,"column":9}},"loc":{"start":{"line":17,"column":55},"end":{"line":44,"column":5}}},"1":{"name":"(anonymous_2)","decl":{"start":{"line":48,"column":23},"end":{"line":48,"column":24}},"loc":{"start":{"line":48,"column":38},"end":{"line":50,"column":1}}},"2":{"name":"(anonymous_3)","decl":{"start":{"line":52,"column":25},"end":{"line":52,"column":26}},"loc":{"start":{"line":52,"column":40},"end":{"line":54,"column":1}}}},"branchMap":{"0":{"loc":{"start":{"line":8,"column":13},"end":{"line":8,"column":37}},"type":"binary-expr","locations":[{"start":{"line":8,"column":13},"end":{"line":8,"column":29}},{"start":{"line":8,"column":33},"end":{"line":8,"column":37}}]},"1":{"loc":{"start":{"line":32,"column":8},"end":{"line":38,"column":9}},"type":"if","locations":[{"start":{"line":32,"column":8},"end":{"line":38,"column":9}},{"start":{"line":36,"column":15},"end":{"line":38,"column":9}}]}},"s":{"0":1,"1":1,"2":1,"3":1,"4":1,"5":1,"6":1,"7":0,"8":0,"9":0,"10":0,"11":0,"12":0,"13":0,"14":0,"15":0,"16":0,"17":0,"18":0,"19":1,"20":0,"21":1,"22":0,"23":1},"f":{"0":0,"1":0,"2":0},"b":{"0":[1,0],"1":[0,0]}}
,"C:\\Users\\h_ben\\OneDrive\\Desktop\\pood\\לימודים\\My-Application\\server\\handlers\\uploadUtils.ts": {"path":"C:\\Users\\h_ben\\OneDrive\\Desktop\\pood\\לימודים\\My-Application\\server\\handlers\\uploadUtils.ts","statementMap":{"0":{"start":{"line":1,"column":0},"end":{"line":1,"column":28}},"1":{"start":{"line":2,"column":0},"end":{"line":2,"column":24}},"2":{"start":{"line":3,"column":0},"end":{"line":3,"column":36}},"3":{"start":{"line":5,"column":16},"end":{"line":23,"column":2}},"4":{"start":{"line":7,"column":25},"end":{"line":7,"column":34}},"5":{"start":{"line":8,"column":8},"end":{"line":8,"column":33}},"6":{"start":{"line":11,"column":8},"end":{"line":15,"column":9}},"7":{"start":{"line":12,"column":12},"end":{"line":12,"column":41}},"8":{"start":{"line":13,"column":15},"end":{"line":15,"column":9}},"9":{"start":{"line":14,"column":12},"end":{"line":14,"column":41}},"10":{"start":{"line":17,"column":8},"end":{"line":17,"column":29}},"11":{"start":{"line":20,"column":31},"end":{"line":20,"column":73}},"12":{"start":{"line":21,"column":8},"end":{"line":21,"column":33}},"13":{"start":{"line":25,"column":15},"end":{"line":25,"column":34}},"14":{"start":{"line":27,"column":0},"end":{"line":27,"column":22}}},"fnMap":{"0":{"name":"(anonymous_1)","decl":{"start":{"line":6,"column":17},"end":{"line":6,"column":18}},"loc":{"start":{"line":6,"column":35},"end":{"line":18,"column":5}}},"1":{"name":"(anonymous_2)","decl":{"start":{"line":19,"column":14},"end":{"line":19,"column":15}},"loc":{"start":{"line":19,"column":32},"end":{"line":22,"column":5}}}},"branchMap":{"0":{"loc":{"start":{"line":11,"column":8},"end":{"line":15,"column":9}},"type":"if","locations":[{"start":{"line":11,"column":8},"end":{"line":15,"column":9}},{"start":{"line":13,"column":15},"end":{"line":15,"column":9}}]},"1":{"loc":{"start":{"line":13,"column":15},"end":{"line":15,"column":9}},"type":"if","locations":[{"start":{"line":13,"column":15},"end":{"line":15,"column":9}}]}},"s":{"0":1,"1":1,"2":1,"3":1,"4":0,"5":0,"6":0,"7":0,"8":0,"9":0,"10":0,"11":0,"12":0,"13":1,"14":1},"f":{"0":0,"1":0},"b":{"0":[0,0],"1":[0]}}
,"C:\\Users\\h_ben\\OneDrive\\Desktop\\pood\\לימודים\\My-Application\\server\\models\\models.ts": {"path":"C:\\Users\\h_ben\\OneDrive\\Desktop\\pood\\לימודים\\My-Application\\server\\models\\models.ts","statementMap":{"0":{"start":{"line":1,"column":0},"end":{"line":1,"column":54}},"1":{"start":{"line":11,"column":19},"end":{"line":17,"column":2}},"2":{"start":{"line":19,"column":13},"end":{"line":20,"column":68}},"3":{"start":{"line":40,"column":19},"end":{"line":58,"column":2}},"4":{"start":{"line":60,"column":13},"end":{"line":61,"column":68}}},"fnMap":{},"branchMap":{"0":{"loc":{"start":{"line":20,"column":2},"end":{"line":20,"column":67}},"type":"binary-expr","locations":[{"start":{"line":20,"column":2},"end":{"line":20,"column":22}},{"start":{"line":20,"column":26},"end":{"line":20,"column":67}}]},"1":{"loc":{"start":{"line":61,"column":2},"end":{"line":61,"column":67}},"type":"binary-expr","locations":[{"start":{"line":61,"column":2},"end":{"line":61,"column":22}},{"start":{"line":61,"column":26},"end":{"line":61,"column":67}}]}},"s":{"0":1,"1":1,"2":1,"3":1,"4":1},"f":{},"b":{"0":[1,0],"1":[1,0]}}
,"C:\\Users\\h_ben\\OneDrive\\Desktop\\pood\\לימודים\\My-Application\\server\\routes\\commentsRoute.ts": {"path":"C:\\Users\\h_ben\\OneDrive\\Desktop\\pood\\לימודים\\My-Application\\server\\routes\\commentsRoute.ts","statementMap":{"0":{"start":{"line":1,"column":0},"end":{"line":1,"column":53}},"1":{"start":{"line":3,"column":0},"end":{"line":3,"column":43}},"2":{"start":{"line":4,"column":0},"end":{"line":4,"column":46}},"3":{"start":{"line":6,"column":0},"end":{"line":6,"column":74}},"4":{"start":{"line":8,"column":15},"end":{"line":8,"column":31}},"5":{"start":{"line":9,"column":0},"end":{"line":9,"column":27}},"6":{"start":{"line":51,"column":0},"end":{"line":88,"column":3}},"7":{"start":{"line":52,"column":2},"end":{"line":87,"column":3}},"8":{"start":{"line":53,"column":63},"end":{"line":53,"column":71}},"9":{"start":{"line":55,"column":4},"end":{"line":58,"column":5}},"10":{"start":{"line":56,"column":6},"end":{"line":56,"column":72}},"11":{"start":{"line":57,"column":6},"end":{"line":57,"column":13}},"12":{"start":{"line":60,"column":18},"end":{"line":60,"column":43}},"13":{"start":{"line":61,"column":23},"end":{"line":61,"column":65}},"14":{"start":{"line":62,"column":17},"end":{"line":62,"column":44}},"15":{"start":{"line":64,"column":4},"end":{"line":67,"column":5}},"16":{"start":{"line":65,"column":6},"end":{"line":65,"column":56}},"17":{"start":{"line":66,"column":6},"end":{"line":66,"column":13}},"18":{"start":{"line":69,"column":32},"end":{"line":69,"column":56}},"19":{"start":{"line":71,"column":19},"end":{"line":71,"column":54}},"20":{"start":{"line":72,"column":24},"end":{"line":74,"column":6}},"21":{"start":{"line":76,"column":4},"end":{"line":79,"column":5}},"22":{"start":{"line":77,"column":6},"end":{"line":77,"column":56}},"23":{"start":{"line":78,"column":6},"end":{"line":78,"column":13}},"24":{"start":{"line":81,"column":4},"end":{"line":81,"column":38}},"25":{"start":{"line":83,"column":4},"end":{"line":83,"column":50}},"26":{"start":{"line":84,"column":4},"end":{"line":86,"column":69}},"27":{"start":{"line":132,"column":0},"end":{"line":185,"column":3}},"28":{"start":{"line":133,"column":2},"end":{"line":184,"column":3}},"29":{"start":{"line":134,"column":63},"end":{"line":134,"column":71}},"30":{"start":{"line":135,"column":23},"end":{"line":135,"column":36}},"31":{"start":{"line":137,"column":4},"end":{"line":142,"column":5}},"32":{"start":{"line":138,"column":6},"end":{"line":140,"column":72}},"33":{"start":{"line":141,"column":6},"end":{"line":141,"column":13}},"34":{"start":{"line":144,"column":18},"end":{"line":144,"column":43}},"35":{"start":{"line":145,"column":23},"end":{"line":145,"column":65}},"36":{"start":{"line":146,"column":17},"end":{"line":146,"column":44}},"37":{"start":{"line":148,"column":4},"end":{"line":151,"column":5}},"38":{"start":{"line":149,"column":6},"end":{"line":149,"column":56}},"39":{"start":{"line":150,"column":6},"end":{"line":150,"column":13}},"40":{"start":{"line":153,"column":25},"end":{"line":153,"column":60}},"41":{"start":{"line":154,"column":20},"end":{"line":154,"column":79}},"42":{"start":{"line":154,"column":55},"end":{"line":154,"column":78}},"43":{"start":{"line":156,"column":4},"end":{"line":159,"column":5}},"44":{"start":{"line":157,"column":6},"end":{"line":157,"column":78}},"45":{"start":{"line":158,"column":6},"end":{"line":158,"column":13}},"46":{"start":{"line":161,"column":19},"end":{"line":166,"column":6}},"47":{"start":{"line":168,"column":24},"end":{"line":171,"column":6}},"48":{"start":{"line":173,"column":4},"end":{"line":176,"column":5}},"49":{"start":{"line":174,"column":6},"end":{"line":174,"column":67}},"50":{"start":{"line":175,"column":6},"end":{"line":175,"column":13}},"51":{"start":{"line":178,"column":4},"end":{"line":178,"column":38}},"52":{"start":{"line":180,"column":4},"end":{"line":180,"column":52}},"53":{"start":{"line":181,"column":4},"end":{"line":183,"column":71}},"54":{"start":{"line":222,"column":0},"end":{"line":266,"column":3}},"55":{"start":{"line":223,"column":2},"end":{"line":265,"column":3}},"56":{"start":{"line":224,"column":59},"end":{"line":224,"column":67}},"57":{"start":{"line":226,"column":4},"end":{"line":229,"column":5}},"58":{"start":{"line":227,"column":6},"end":{"line":227,"column":78}},"59":{"start":{"line":228,"column":6},"end":{"line":228,"column":13}},"60":{"start":{"line":231,"column":18},"end":{"line":231,"column":43}},"61":{"start":{"line":232,"column":23},"end":{"line":232,"column":65}},"62":{"start":{"line":233,"column":17},"end":{"line":233,"column":44}},"63":{"start":{"line":235,"column":4},"end":{"line":238,"column":5}},"64":{"start":{"line":236,"column":6},"end":{"line":236,"column":56}},"65":{"start":{"line":237,"column":6},"end":{"line":237,"column":13}},"66":{"start":{"line":240,"column":25},"end":{"line":240,"column":60}},"67":{"start":{"line":241,"column":20},"end":{"line":241,"column":79}},"68":{"start":{"line":241,"column":55},"end":{"line":241,"column":78}},"69":{"start":{"line":243,"column":4},"end":{"line":246,"column":5}},"70":{"start":{"line":244,"column":6},"end":{"line":244,"column":78}},"71":{"start":{"line":245,"column":6},"end":{"line":245,"column":13}},"72":{"start":{"line":248,"column":19},"end":{"line":248,"column":55}},"73":{"start":{"line":249,"column":24},"end":{"line":251,"column":6}},"74":{"start":{"line":253,"column":4},"end":{"line":256,"column":5}},"75":{"start":{"line":254,"column":6},"end":{"line":254,"column":67}},"76":{"start":{"line":255,"column":6},"end":{"line":255,"column":13}},"77":{"start":{"line":258,"column":4},"end":{"line":258,"column":38}},"78":{"start":{"line":260,"column":4},"end":{"line":260,"column":52}},"79":{"start":{"line":261,"column":4},"end":{"line":263,"column":71}},"80":{"start":{"line":264,"column":4},"end":{"line":264,"column":11}},"81":{"start":{"line":298,"column":0},"end":{"line":315,"column":3}},"82":{"start":{"line":299,"column":2},"end":{"line":314,"column":3}},"83":{"start":{"line":300,"column":18},"end":{"line":300,"column":35}},"84":{"start":{"line":301,"column":24},"end":{"line":301,"column":62}},"85":{"start":{"line":301,"column":48},"end":{"line":301,"column":61}},"86":{"start":{"line":303,"column":4},"end":{"line":306,"column":5}},"87":{"start":{"line":304,"column":6},"end":{"line":304,"column":59}},"88":{"start":{"line":305,"column":6},"end":{"line":305,"column":13}},"89":{"start":{"line":308,"column":4},"end":{"line":308,"column":38}},"90":{"start":{"line":310,"column":4},"end":{"line":310,"column":53}},"91":{"start":{"line":311,"column":4},"end":{"line":313,"column":68}},"92":{"start":{"line":360,"column":0},"end":{"line":391,"column":3}},"93":{"start":{"line":361,"column":2},"end":{"line":390,"column":3}},"94":{"start":{"line":362,"column":59},"end":{"line":362,"column":null}},"95":{"start":{"line":367,"column":4},"end":{"line":370,"column":5}},"96":{"start":{"line":368,"column":6},"end":{"line":368,"column":78}},"97":{"start":{"line":369,"column":6},"end":{"line":369,"column":13}},"98":{"start":{"line":372,"column":17},"end":{"line":372,"column":44}},"99":{"start":{"line":373,"column":4},"end":{"line":376,"column":5}},"100":{"start":{"line":374,"column":6},"end":{"line":374,"column":56}},"101":{"start":{"line":375,"column":6},"end":{"line":375,"column":13}},"102":{"start":{"line":378,"column":20},"end":{"line":378,"column":70}},"103":{"start":{"line":378,"column":46},"end":{"line":378,"column":69}},"104":{"start":{"line":379,"column":4},"end":{"line":382,"column":5}},"105":{"start":{"line":380,"column":6},"end":{"line":380,"column":59}},"106":{"start":{"line":381,"column":6},"end":{"line":381,"column":13}},"107":{"start":{"line":384,"column":4},"end":{"line":384,"column":34}},"108":{"start":{"line":386,"column":4},"end":{"line":386,"column":53}},"109":{"start":{"line":387,"column":4},"end":{"line":389,"column":68}},"110":{"start":{"line":430,"column":0},"end":{"line":451,"column":3}},"111":{"start":{"line":431,"column":2},"end":{"line":450,"column":3}},"112":{"start":{"line":432,"column":27},"end":{"line":432,"column":44}},"113":{"start":{"line":433,"column":4},"end":{"line":436,"column":5}},"114":{"start":{"line":434,"column":6},"end":{"line":434,"column":63}},"115":{"start":{"line":435,"column":6},"end":{"line":435,"column":13}},"116":{"start":{"line":438,"column":17},"end":{"line":438,"column":70}},"117":{"start":{"line":439,"column":4},"end":{"line":442,"column":5}},"118":{"start":{"line":440,"column":6},"end":{"line":440,"column":56}},"119":{"start":{"line":441,"column":6},"end":{"line":441,"column":13}},"120":{"start":{"line":444,"column":4},"end":{"line":444,"column":40}},"121":{"start":{"line":446,"column":4},"end":{"line":446,"column":53}},"122":{"start":{"line":447,"column":4},"end":{"line":449,"column":68}},"123":{"start":{"line":453,"column":0},"end":{"line":453,"column":22}}},"fnMap":{"0":{"name":"(anonymous_1)","decl":{"start":{"line":51,"column":17},"end":{"line":51,"column":22}},"loc":{"start":{"line":51,"column":55},"end":{"line":88,"column":1}}},"1":{"name":"(anonymous_2)","decl":{"start":{"line":132,"column":19},"end":{"line":132,"column":24}},"loc":{"start":{"line":132,"column":57},"end":{"line":185,"column":1}}},"2":{"name":"(anonymous_3)","decl":{"start":{"line":154,"column":48},"end":{"line":154,"column":49}},"loc":{"start":{"line":154,"column":55},"end":{"line":154,"column":78}}},"3":{"name":"(anonymous_4)","decl":{"start":{"line":222,"column":19},"end":{"line":222,"column":24}},"loc":{"start":{"line":222,"column":57},"end":{"line":266,"column":1}}},"4":{"name":"(anonymous_5)","decl":{"start":{"line":241,"column":48},"end":{"line":241,"column":49}},"loc":{"start":{"line":241,"column":55},"end":{"line":241,"column":78}}},"5":{"name":"(anonymous_6)","decl":{"start":{"line":298,"column":16},"end":{"line":298,"column":21}},"loc":{"start":{"line":298,"column":54},"end":{"line":315,"column":1}}},"6":{"name":"(anonymous_7)","decl":{"start":{"line":301,"column":38},"end":{"line":301,"column":39}},"loc":{"start":{"line":301,"column":48},"end":{"line":301,"column":61}}},"7":{"name":"(anonymous_8)","decl":{"start":{"line":360,"column":25},"end":{"line":360,"column":30}},"loc":{"start":{"line":360,"column":63},"end":{"line":391,"column":1}}},"8":{"name":"(anonymous_9)","decl":{"start":{"line":378,"column":39},"end":{"line":378,"column":40}},"loc":{"start":{"line":378,"column":46},"end":{"line":378,"column":69}}},"9":{"name":"(anonymous_10)","decl":{"start":{"line":430,"column":30},"end":{"line":430,"column":35}},"loc":{"start":{"line":430,"column":68},"end":{"line":451,"column":1}}}},"branchMap":{"0":{"loc":{"start":{"line":55,"column":4},"end":{"line":58,"column":5}},"type":"if","locations":[{"start":{"line":55,"column":4},"end":{"line":58,"column":5}}]},"1":{"loc":{"start":{"line":55,"column":8},"end":{"line":55,"column":24}},"type":"binary-expr","locations":[{"start":{"line":55,"column":8},"end":{"line":55,"column":13}},{"start":{"line":55,"column":17},"end":{"line":55,"column":24}}]},"2":{"loc":{"start":{"line":60,"column":18},"end":{"line":60,"column":43}},"type":"binary-expr","locations":[{"start":{"line":60,"column":18},"end":{"line":60,"column":37}},{"start":{"line":60,"column":41},"end":{"line":60,"column":43}}]},"3":{"loc":{"start":{"line":61,"column":23},"end":{"line":61,"column":65}},"type":"binary-expr","locations":[{"start":{"line":61,"column":23},"end":{"line":61,"column":47}},{"start":{"line":61,"column":51},"end":{"line":61,"column":65}}]},"4":{"loc":{"start":{"line":64,"column":4},"end":{"line":67,"column":5}},"type":"if","locations":[{"start":{"line":64,"column":4},"end":{"line":67,"column":5}}]},"5":{"loc":{"start":{"line":76,"column":4},"end":{"line":79,"column":5}},"type":"if","locations":[{"start":{"line":76,"column":4},"end":{"line":79,"column":5}}]},"6":{"loc":{"start":{"line":137,"column":4},"end":{"line":142,"column":5}},"type":"if","locations":[{"start":{"line":137,"column":4},"end":{"line":142,"column":5}}]},"7":{"loc":{"start":{"line":137,"column":8},"end":{"line":137,"column":31}},"type":"binary-expr","locations":[{"start":{"line":137,"column":8},"end":{"line":137,"column":15}},{"start":{"line":137,"column":19},"end":{"line":137,"column":24}},{"start":{"line":137,"column":28},"end":{"line":137,"column":31}}]},"8":{"loc":{"start":{"line":144,"column":18},"end":{"line":144,"column":43}},"type":"binary-expr","locations":[{"start":{"line":144,"column":18},"end":{"line":144,"column":37}},{"start":{"line":144,"column":41},"end":{"line":144,"column":43}}]},"9":{"loc":{"start":{"line":145,"column":23},"end":{"line":145,"column":65}},"type":"binary-expr","locations":[{"start":{"line":145,"column":23},"end":{"line":145,"column":47}},{"start":{"line":145,"column":51},"end":{"line":145,"column":65}}]},"10":{"loc":{"start":{"line":148,"column":4},"end":{"line":151,"column":5}},"type":"if","locations":[{"start":{"line":148,"column":4},"end":{"line":151,"column":5}}]},"11":{"loc":{"start":{"line":156,"column":4},"end":{"line":159,"column":5}},"type":"if","locations":[{"start":{"line":156,"column":4},"end":{"line":159,"column":5}}]},"12":{"loc":{"start":{"line":156,"column":8},"end":{"line":156,"column":54}},"type":"binary-expr","locations":[{"start":{"line":156,"column":8},"end":{"line":156,"column":16}},{"start":{"line":156,"column":20},"end":{"line":156,"column":54}}]},"13":{"loc":{"start":{"line":173,"column":4},"end":{"line":176,"column":5}},"type":"if","locations":[{"start":{"line":173,"column":4},"end":{"line":176,"column":5}}]},"14":{"loc":{"start":{"line":226,"column":4},"end":{"line":229,"column":5}},"type":"if","locations":[{"start":{"line":226,"column":4},"end":{"line":229,"column":5}}]},"15":{"loc":{"start":{"line":226,"column":8},"end":{"line":226,"column":22}},"type":"binary-expr","locations":[{"start":{"line":226,"column":8},"end":{"line":226,"column":15}},{"start":{"line":226,"column":19},"end":{"line":226,"column":22}}]},"16":{"loc":{"start":{"line":231,"column":18},"end":{"line":231,"column":43}},"type":"binary-expr","locations":[{"start":{"line":231,"column":18},"end":{"line":231,"column":37}},{"start":{"line":231,"column":41},"end":{"line":231,"column":43}}]},"17":{"loc":{"start":{"line":232,"column":23},"end":{"line":232,"column":65}},"type":"binary-expr","locations":[{"start":{"line":232,"column":23},"end":{"line":232,"column":47}},{"start":{"line":232,"column":51},"end":{"line":232,"column":65}}]},"18":{"loc":{"start":{"line":235,"column":4},"end":{"line":238,"column":5}},"type":"if","locations":[{"start":{"line":235,"column":4},"end":{"line":238,"column":5}}]},"19":{"loc":{"start":{"line":243,"column":4},"end":{"line":246,"column":5}},"type":"if","locations":[{"start":{"line":243,"column":4},"end":{"line":246,"column":5}}]},"20":{"loc":{"start":{"line":243,"column":8},"end":{"line":243,"column":54}},"type":"binary-expr","locations":[{"start":{"line":243,"column":8},"end":{"line":243,"column":16}},{"start":{"line":243,"column":20},"end":{"line":243,"column":54}}]},"21":{"loc":{"start":{"line":253,"column":4},"end":{"line":256,"column":5}},"type":"if","locations":[{"start":{"line":253,"column":4},"end":{"line":256,"column":5}}]},"22":{"loc":{"start":{"line":303,"column":4},"end":{"line":306,"column":5}},"type":"if","locations":[{"start":{"line":303,"column":4},"end":{"line":306,"column":5}}]},"23":{"loc":{"start":{"line":367,"column":4},"end":{"line":370,"column":5}},"type":"if","locations":[{"start":{"line":367,"column":4},"end":{"line":370,"column":5}}]},"24":{"loc":{"start":{"line":367,"column":8},"end":{"line":367,"column":22}},"type":"binary-expr","locations":[{"start":{"line":367,"column":8},"end":{"line":367,"column":11}},{"start":{"line":367,"column":15},"end":{"line":367,"column":22}}]},"25":{"loc":{"start":{"line":373,"column":4},"end":{"line":376,"column":5}},"type":"if","locations":[{"start":{"line":373,"column":4},"end":{"line":376,"column":5}}]},"26":{"loc":{"start":{"line":379,"column":4},"end":{"line":382,"column":5}},"type":"if","locations":[{"start":{"line":379,"column":4},"end":{"line":382,"column":5}}]},"27":{"loc":{"start":{"line":433,"column":4},"end":{"line":436,"column":5}},"type":"if","locations":[{"start":{"line":433,"column":4},"end":{"line":436,"column":5}}]},"28":{"loc":{"start":{"line":439,"column":4},"end":{"line":442,"column":5}},"type":"if","locations":[{"start":{"line":439,"column":4},"end":{"line":442,"column":5}}]}},"s":{"0":1,"1":1,"2":1,"3":1,"4":1,"5":1,"6":1,"7":0,"8":0,"9":0,"10":0,"11":0,"12":0,"13":0,"14":0,"15":0,"16":0,"17":0,"18":0,"19":0,"20":0,"21":0,"22":0,"23":0,"24":0,"25":0,"26":0,"27":1,"28":0,"29":0,"30":0,"31":0,"32":0,"33":0,"34":0,"35":0,"36":0,"37":0,"38":0,"39":0,"40":0,"41":0,"42":0,"43":0,"44":0,"45":0,"46":0,"47":0,"48":0,"49":0,"50":0,"51":0,"52":0,"53":0,"54":1,"55":0,"56":0,"57":0,"58":0,"59":0,"60":0,"61":0,"62":0,"63":0,"64":0,"65":0,"66":0,"67":0,"68":0,"69":0,"70":0,"71":0,"72":0,"73":0,"74":0,"75":0,"76":0,"77":0,"78":0,"79":0,"80":0,"81":1,"82":0,"83":0,"84":0,"85":0,"86":0,"87":0,"88":0,"89":0,"90":0,"91":0,"92":1,"93":0,"94":0,"95":0,"96":0,"97":0,"98":0,"99":0,"100":0,"101":0,"102":0,"103":0,"104":0,"105":0,"106":0,"107":0,"108":0,"109":0,"110":1,"111":0,"112":0,"113":0,"114":0,"115":0,"116":0,"117":0,"118":0,"119":0,"120":0,"121":0,"122":0,"123":1},"f":{"0":0,"1":0,"2":0,"3":0,"4":0,"5":0,"6":0,"7":0,"8":0,"9":0},"b":{"0":[0],"1":[0,0],"2":[0,0],"3":[0,0],"4":[0],"5":[0],"6":[0],"7":[0,0,0],"8":[0,0],"9":[0,0],"10":[0],"11":[0],"12":[0,0],"13":[0],"14":[0],"15":[0,0],"16":[0,0],"17":[0,0],"18":[0],"19":[0],"20":[0,0],"21":[0],"22":[0],"23":[0],"24":[0,0],"25":[0],"26":[0],"27":[0],"28":[0]}}
,"C:\\Users\\h_ben\\OneDrive\\Desktop\\pood\\לימודים\\My-Application\\server\\routes\\googleRoute.ts": {"path":"C:\\Users\\h_ben\\OneDrive\\Desktop\\pood\\לימודים\\My-Application\\server\\routes\\googleRoute.ts","statementMap":{"0":{"start":{"line":1,"column":0},"end":{"line":1,"column":30}},"1":{"start":{"line":2,"column":0},"end":{"line":2,"column":32}},"2":{"start":{"line":3,"column":0},"end":{"line":3,"column":36}},"3":{"start":{"line":4,"column":0},"end":{"line":4,"column":null}},"4":{"start":{"line":9,"column":15},"end":{"line":9,"column":31}},"5":{"start":{"line":11,"column":0},"end":{"line":14,"column":2}},"6":{"start":{"line":16,"column":0},"end":{"line":32,"column":2}},"7":{"start":{"line":20,"column":23},"end":{"line":20,"column":38}},"8":{"start":{"line":22,"column":24},"end":{"line":22,"column":55}},"9":{"start":{"line":23,"column":25},"end":{"line":23,"column":57}},"10":{"start":{"line":25,"column":4},"end":{"line":25,"column":45}},"11":{"start":{"line":26,"column":4},"end":{"line":26,"column":57}},"12":{"start":{"line":28,"column":23},"end":{"line":28,"column":54}},"13":{"start":{"line":30,"column":4},"end":{"line":30,"column":51}},"14":{"start":{"line":34,"column":0},"end":{"line":34,"column":22}}},"fnMap":{"0":{"name":"(anonymous_1)","decl":{"start":{"line":19,"column":2},"end":{"line":19,"column":3}},"loc":{"start":{"line":19,"column":15},"end":{"line":31,"column":3}}}},"branchMap":{"0":{"loc":{"start":{"line":28,"column":23},"end":{"line":28,"column":54}},"type":"binary-expr","locations":[{"start":{"line":28,"column":23},"end":{"line":28,"column":46}},{"start":{"line":28,"column":50},"end":{"line":28,"column":54}}]}},"s":{"0":1,"1":1,"2":1,"3":1,"4":1,"5":1,"6":1,"7":0,"8":0,"9":0,"10":0,"11":0,"12":0,"13":0,"14":1},"f":{"0":0},"b":{"0":[0,0]}}
,"C:\\Users\\h_ben\\OneDrive\\Desktop\\pood\\לימודים\\My-Application\\server\\routes\\postsRoute.ts": {"path":"C:\\Users\\h_ben\\OneDrive\\Desktop\\pood\\לימודים\\My-Application\\server\\routes\\postsRoute.ts","statementMap":{"0":{"start":{"line":1,"column":0},"end":{"line":1,"column":32}},"1":{"start":{"line":2,"column":0},"end":{"line":2,"column":53}},"2":{"start":{"line":3,"column":0},"end":{"line":3,"column":43}},"3":{"start":{"line":4,"column":0},"end":{"line":4,"column":46}},"4":{"start":{"line":6,"column":0},"end":{"line":6,"column":74}},"5":{"start":{"line":7,"column":0},"end":{"line":7,"column":45}},"6":{"start":{"line":9,"column":15},"end":{"line":9,"column":31}},"7":{"start":{"line":10,"column":0},"end":{"line":10,"column":27}},"8":{"start":{"line":51,"column":0},"end":{"line":90,"column":3}},"9":{"start":{"line":52,"column":2},"end":{"line":89,"column":3}},"10":{"start":{"line":53,"column":45},"end":{"line":53,"column":53}},"11":{"start":{"line":54,"column":18},"end":{"line":54,"column":88}},"12":{"start":{"line":56,"column":4},"end":{"line":59,"column":5}},"13":{"start":{"line":57,"column":6},"end":{"line":57,"column":71}},"14":{"start":{"line":58,"column":6},"end":{"line":58,"column":13}},"15":{"start":{"line":61,"column":18},"end":{"line":61,"column":43}},"16":{"start":{"line":62,"column":23},"end":{"line":62,"column":65}},"17":{"start":{"line":63,"column":17},"end":{"line":63,"column":44}},"18":{"start":{"line":65,"column":4},"end":{"line":68,"column":5}},"19":{"start":{"line":66,"column":6},"end":{"line":66,"column":56}},"20":{"start":{"line":67,"column":6},"end":{"line":67,"column":13}},"21":{"start":{"line":70,"column":20},"end":{"line":75,"column":6}},"22":{"start":{"line":77,"column":4},"end":{"line":77,"column":25}},"23":{"start":{"line":79,"column":4},"end":{"line":79,"column":33}},"24":{"start":{"line":80,"column":4},"end":{"line":80,"column":22}},"25":{"start":{"line":82,"column":18},"end":{"line":82,"column":69}},"26":{"start":{"line":83,"column":4},"end":{"line":83,"column":32}},"27":{"start":{"line":85,"column":4},"end":{"line":85,"column":49}},"28":{"start":{"line":86,"column":4},"end":{"line":88,"column":68}},"29":{"start":{"line":118,"column":0},"end":{"line":126,"column":3}},"30":{"start":{"line":119,"column":2},"end":{"line":125,"column":3}},"31":{"start":{"line":120,"column":21},"end":{"line":120,"column":81}},"32":{"start":{"line":121,"column":4},"end":{"line":121,"column":35}},"33":{"start":{"line":123,"column":4},"end":{"line":123,"column":50}},"34":{"start":{"line":124,"column":4},"end":{"line":124,"column":78}},"35":{"start":{"line":168,"column":0},"end":{"line":186,"column":3}},"36":{"start":{"line":169,"column":2},"end":{"line":185,"column":3}},"37":{"start":{"line":170,"column":19},"end":{"line":170,"column":36}},"38":{"start":{"line":172,"column":4},"end":{"line":175,"column":5}},"39":{"start":{"line":173,"column":6},"end":{"line":173,"column":66}},"40":{"start":{"line":174,"column":6},"end":{"line":174,"column":13}},"41":{"start":{"line":176,"column":24},"end":{"line":176,"column":102}},"42":{"start":{"line":177,"column":4},"end":{"line":180,"column":5}},"43":{"start":{"line":178,"column":6},"end":{"line":178,"column":72}},"44":{"start":{"line":179,"column":6},"end":{"line":179,"column":13}},"45":{"start":{"line":181,"column":4},"end":{"line":181,"column":38}},"46":{"start":{"line":183,"column":4},"end":{"line":183,"column":50}},"47":{"start":{"line":184,"column":4},"end":{"line":184,"column":78}},"48":{"start":{"line":212,"column":0},"end":{"line":233,"column":3}},"49":{"start":{"line":213,"column":2},"end":{"line":232,"column":3}},"50":{"start":{"line":214,"column":15},"end":{"line":214,"column":28}},"51":{"start":{"line":215,"column":4},"end":{"line":218,"column":5}},"52":{"start":{"line":216,"column":6},"end":{"line":216,"column":64}},"53":{"start":{"line":217,"column":6},"end":{"line":217,"column":13}},"54":{"start":{"line":220,"column":18},"end":{"line":220,"column":60}},"55":{"start":{"line":221,"column":4},"end":{"line":224,"column":5}},"56":{"start":{"line":222,"column":6},"end":{"line":222,"column":56}},"57":{"start":{"line":223,"column":6},"end":{"line":223,"column":13}},"58":{"start":{"line":226,"column":4},"end":{"line":226,"column":32}},"59":{"start":{"line":228,"column":4},"end":{"line":228,"column":55}},"60":{"start":{"line":229,"column":4},"end":{"line":231,"column":68}},"61":{"start":{"line":272,"column":0},"end":{"line":317,"column":3}},"62":{"start":{"line":273,"column":2},"end":{"line":316,"column":3}},"63":{"start":{"line":274,"column":50},"end":{"line":274,"column":52}},"64":{"start":{"line":275,"column":28},"end":{"line":275,"column":36}},"65":{"start":{"line":276,"column":18},"end":{"line":276,"column":65}},"66":{"start":{"line":277,"column":15},"end":{"line":277,"column":28}},"67":{"start":{"line":279,"column":4},"end":{"line":284,"column":5}},"68":{"start":{"line":280,"column":6},"end":{"line":282,"column":70}},"69":{"start":{"line":283,"column":6},"end":{"line":283,"column":13}},"70":{"start":{"line":286,"column":4},"end":{"line":286,"column":41}},"71":{"start":{"line":286,"column":15},"end":{"line":286,"column":41}},"72":{"start":{"line":287,"column":4},"end":{"line":287,"column":38}},"73":{"start":{"line":287,"column":14},"end":{"line":287,"column":38}},"74":{"start":{"line":288,"column":4},"end":{"line":288,"column":44}},"75":{"start":{"line":288,"column":18},"end":{"line":288,"column":44}},"76":{"start":{"line":290,"column":17},"end":{"line":290,"column":59}},"77":{"start":{"line":291,"column":25},"end":{"line":291,"column":69}},"78":{"start":{"line":293,"column":4},"end":{"line":296,"column":5}},"79":{"start":{"line":294,"column":6},"end":{"line":294,"column":56}},"80":{"start":{"line":295,"column":6},"end":{"line":295,"column":13}},"81":{"start":{"line":298,"column":18},"end":{"line":298,"column":43}},"82":{"start":{"line":299,"column":23},"end":{"line":299,"column":65}},"83":{"start":{"line":301,"column":4},"end":{"line":304,"column":5}},"84":{"start":{"line":302,"column":6},"end":{"line":302,"column":75}},"85":{"start":{"line":303,"column":6},"end":{"line":303,"column":13}},"86":{"start":{"line":306,"column":20},"end":{"line":308,"column":6}},"87":{"start":{"line":310,"column":4},"end":{"line":310,"column":34}},"88":{"start":{"line":312,"column":4},"end":{"line":312,"column":49}},"89":{"start":{"line":313,"column":4},"end":{"line":315,"column":68}},"90":{"start":{"line":345,"column":0},"end":{"line":382,"column":3}},"91":{"start":{"line":346,"column":2},"end":{"line":381,"column":3}},"92":{"start":{"line":347,"column":19},"end":{"line":347,"column":32}},"93":{"start":{"line":348,"column":4},"end":{"line":351,"column":5}},"94":{"start":{"line":349,"column":6},"end":{"line":349,"column":64}},"95":{"start":{"line":350,"column":6},"end":{"line":350,"column":13}},"96":{"start":{"line":353,"column":17},"end":{"line":353,"column":63}},"97":{"start":{"line":354,"column":25},"end":{"line":354,"column":69}},"98":{"start":{"line":356,"column":4},"end":{"line":359,"column":5}},"99":{"start":{"line":357,"column":6},"end":{"line":357,"column":56}},"100":{"start":{"line":358,"column":6},"end":{"line":358,"column":13}},"101":{"start":{"line":361,"column":18},"end":{"line":361,"column":43}},"102":{"start":{"line":362,"column":23},"end":{"line":362,"column":65}},"103":{"start":{"line":364,"column":4},"end":{"line":367,"column":5}},"104":{"start":{"line":365,"column":6},"end":{"line":365,"column":75}},"105":{"start":{"line":366,"column":6},"end":{"line":366,"column":13}},"106":{"start":{"line":369,"column":17},"end":{"line":369,"column":36}},"107":{"start":{"line":370,"column":4},"end":{"line":370,"column":28}},"108":{"start":{"line":371,"column":4},"end":{"line":371,"column":22}},"109":{"start":{"line":373,"column":4},"end":{"line":373,"column":41}},"110":{"start":{"line":375,"column":4},"end":{"line":375,"column":67}},"111":{"start":{"line":377,"column":4},"end":{"line":377,"column":49}},"112":{"start":{"line":378,"column":4},"end":{"line":380,"column":68}},"113":{"start":{"line":385,"column":0},"end":{"line":420,"column":3}},"114":{"start":{"line":386,"column":2},"end":{"line":419,"column":3}},"115":{"start":{"line":387,"column":43},"end":{"line":387,"column":51}},"116":{"start":{"line":389,"column":4},"end":{"line":392,"column":5}},"117":{"start":{"line":390,"column":6},"end":{"line":390,"column":63}},"118":{"start":{"line":391,"column":6},"end":{"line":391,"column":13}},"119":{"start":{"line":394,"column":18},"end":{"line":394,"column":43}},"120":{"start":{"line":395,"column":23},"end":{"line":395,"column":65}},"121":{"start":{"line":396,"column":17},"end":{"line":396,"column":44}},"122":{"start":{"line":398,"column":4},"end":{"line":401,"column":5}},"123":{"start":{"line":399,"column":6},"end":{"line":399,"column":56}},"124":{"start":{"line":400,"column":6},"end":{"line":400,"column":13}},"125":{"start":{"line":403,"column":19},"end":{"line":403,"column":45}},"126":{"start":{"line":404,"column":24},"end":{"line":406,"column":6}},"127":{"start":{"line":408,"column":4},"end":{"line":411,"column":5}},"128":{"start":{"line":409,"column":6},"end":{"line":409,"column":56}},"129":{"start":{"line":410,"column":6},"end":{"line":410,"column":13}},"130":{"start":{"line":413,"column":4},"end":{"line":413,"column":38}},"131":{"start":{"line":415,"column":4},"end":{"line":415,"column":47}},"132":{"start":{"line":416,"column":4},"end":{"line":418,"column":66}},"133":{"start":{"line":423,"column":0},"end":{"line":458,"column":3}},"134":{"start":{"line":424,"column":2},"end":{"line":457,"column":3}},"135":{"start":{"line":425,"column":19},"end":{"line":425,"column":32}},"136":{"start":{"line":427,"column":4},"end":{"line":430,"column":5}},"137":{"start":{"line":428,"column":6},"end":{"line":428,"column":63}},"138":{"start":{"line":429,"column":6},"end":{"line":429,"column":13}},"139":{"start":{"line":432,"column":18},"end":{"line":432,"column":43}},"140":{"start":{"line":433,"column":23},"end":{"line":433,"column":65}},"141":{"start":{"line":434,"column":17},"end":{"line":434,"column":44}},"142":{"start":{"line":436,"column":4},"end":{"line":439,"column":5}},"143":{"start":{"line":437,"column":6},"end":{"line":437,"column":56}},"144":{"start":{"line":438,"column":6},"end":{"line":438,"column":13}},"145":{"start":{"line":441,"column":19},"end":{"line":441,"column":76}},"146":{"start":{"line":442,"column":24},"end":{"line":444,"column":6}},"147":{"start":{"line":446,"column":4},"end":{"line":449,"column":5}},"148":{"start":{"line":447,"column":6},"end":{"line":447,"column":56}},"149":{"start":{"line":448,"column":6},"end":{"line":448,"column":13}},"150":{"start":{"line":451,"column":4},"end":{"line":451,"column":38}},"151":{"start":{"line":453,"column":4},"end":{"line":453,"column":47}},"152":{"start":{"line":454,"column":4},"end":{"line":456,"column":66}},"153":{"start":{"line":460,"column":0},"end":{"line":460,"column":22}}},"fnMap":{"0":{"name":"(anonymous_1)","decl":{"start":{"line":51,"column":41},"end":{"line":51,"column":46}},"loc":{"start":{"line":51,"column":79},"end":{"line":90,"column":1}}},"1":{"name":"(anonymous_2)","decl":{"start":{"line":118,"column":16},"end":{"line":118,"column":21}},"loc":{"start":{"line":118,"column":54},"end":{"line":126,"column":1}}},"2":{"name":"(anonymous_3)","decl":{"start":{"line":168,"column":30},"end":{"line":168,"column":35}},"loc":{"start":{"line":168,"column":68},"end":{"line":186,"column":1}}},"3":{"name":"(anonymous_4)","decl":{"start":{"line":212,"column":19},"end":{"line":212,"column":24}},"loc":{"start":{"line":212,"column":57},"end":{"line":233,"column":1}}},"4":{"name":"(anonymous_5)","decl":{"start":{"line":272,"column":43},"end":{"line":272,"column":48}},"loc":{"start":{"line":272,"column":81},"end":{"line":317,"column":1}}},"5":{"name":"(anonymous_6)","decl":{"start":{"line":345,"column":22},"end":{"line":345,"column":27}},"loc":{"start":{"line":345,"column":60},"end":{"line":382,"column":1}}},"6":{"name":"(anonymous_7)","decl":{"start":{"line":385,"column":21},"end":{"line":385,"column":26}},"loc":{"start":{"line":385,"column":59},"end":{"line":420,"column":1}}},"7":{"name":"(anonymous_8)","decl":{"start":{"line":423,"column":27},"end":{"line":423,"column":32}},"loc":{"start":{"line":423,"column":65},"end":{"line":458,"column":1}}}},"branchMap":{"0":{"loc":{"start":{"line":54,"column":18},"end":{"line":54,"column":88}},"type":"cond-expr","locations":[{"start":{"line":54,"column":29},"end":{"line":54,"column":76}},{"start":{"line":54,"column":79},"end":{"line":54,"column":88}}]},"1":{"loc":{"start":{"line":56,"column":4},"end":{"line":59,"column":5}},"type":"if","locations":[{"start":{"line":56,"column":4},"end":{"line":59,"column":5}}]},"2":{"loc":{"start":{"line":56,"column":8},"end":{"line":56,"column":23}},"type":"binary-expr","locations":[{"start":{"line":56,"column":8},"end":{"line":56,"column":14}},{"start":{"line":56,"column":18},"end":{"line":56,"column":23}}]},"3":{"loc":{"start":{"line":61,"column":18},"end":{"line":61,"column":43}},"type":"binary-expr","locations":[{"start":{"line":61,"column":18},"end":{"line":61,"column":37}},{"start":{"line":61,"column":41},"end":{"line":61,"column":43}}]},"4":{"loc":{"start":{"line":62,"column":23},"end":{"line":62,"column":65}},"type":"binary-expr","locations":[{"start":{"line":62,"column":23},"end":{"line":62,"column":47}},{"start":{"line":62,"column":51},"end":{"line":62,"column":65}}]},"5":{"loc":{"start":{"line":65,"column":4},"end":{"line":68,"column":5}},"type":"if","locations":[{"start":{"line":65,"column":4},"end":{"line":68,"column":5}}]},"6":{"loc":{"start":{"line":172,"column":4},"end":{"line":175,"column":5}},"type":"if","locations":[{"start":{"line":172,"column":4},"end":{"line":175,"column":5}}]},"7":{"loc":{"start":{"line":177,"column":4},"end":{"line":180,"column":5}},"type":"if","locations":[{"start":{"line":177,"column":4},"end":{"line":180,"column":5}}]},"8":{"loc":{"start":{"line":215,"column":4},"end":{"line":218,"column":5}},"type":"if","locations":[{"start":{"line":215,"column":4},"end":{"line":218,"column":5}}]},"9":{"loc":{"start":{"line":221,"column":4},"end":{"line":224,"column":5}},"type":"if","locations":[{"start":{"line":221,"column":4},"end":{"line":224,"column":5}}]},"10":{"loc":{"start":{"line":279,"column":4},"end":{"line":284,"column":5}},"type":"if","locations":[{"start":{"line":279,"column":4},"end":{"line":284,"column":5}}]},"11":{"loc":{"start":{"line":279,"column":8},"end":{"line":279,"column":30}},"type":"binary-expr","locations":[{"start":{"line":279,"column":8},"end":{"line":279,"column":14}},{"start":{"line":279,"column":18},"end":{"line":279,"column":23}},{"start":{"line":279,"column":27},"end":{"line":279,"column":30}}]},"12":{"loc":{"start":{"line":286,"column":4},"end":{"line":286,"column":41}},"type":"if","locations":[{"start":{"line":286,"column":4},"end":{"line":286,"column":41}}]},"13":{"loc":{"start":{"line":287,"column":4},"end":{"line":287,"column":38}},"type":"if","locations":[{"start":{"line":287,"column":4},"end":{"line":287,"column":38}}]},"14":{"loc":{"start":{"line":288,"column":4},"end":{"line":288,"column":44}},"type":"if","locations":[{"start":{"line":288,"column":4},"end":{"line":288,"column":44}}]},"15":{"loc":{"start":{"line":293,"column":4},"end":{"line":296,"column":5}},"type":"if","locations":[{"start":{"line":293,"column":4},"end":{"line":296,"column":5}}]},"16":{"loc":{"start":{"line":298,"column":18},"end":{"line":298,"column":43}},"type":"binary-expr","locations":[{"start":{"line":298,"column":18},"end":{"line":298,"column":37}},{"start":{"line":298,"column":41},"end":{"line":298,"column":43}}]},"17":{"loc":{"start":{"line":299,"column":23},"end":{"line":299,"column":65}},"type":"binary-expr","locations":[{"start":{"line":299,"column":23},"end":{"line":299,"column":47}},{"start":{"line":299,"column":51},"end":{"line":299,"column":65}}]},"18":{"loc":{"start":{"line":301,"column":4},"end":{"line":304,"column":5}},"type":"if","locations":[{"start":{"line":301,"column":4},"end":{"line":304,"column":5}}]},"19":{"loc":{"start":{"line":348,"column":4},"end":{"line":351,"column":5}},"type":"if","locations":[{"start":{"line":348,"column":4},"end":{"line":351,"column":5}}]},"20":{"loc":{"start":{"line":356,"column":4},"end":{"line":359,"column":5}},"type":"if","locations":[{"start":{"line":356,"column":4},"end":{"line":359,"column":5}}]},"21":{"loc":{"start":{"line":361,"column":18},"end":{"line":361,"column":43}},"type":"binary-expr","locations":[{"start":{"line":361,"column":18},"end":{"line":361,"column":37}},{"start":{"line":361,"column":41},"end":{"line":361,"column":43}}]},"22":{"loc":{"start":{"line":362,"column":23},"end":{"line":362,"column":65}},"type":"binary-expr","locations":[{"start":{"line":362,"column":23},"end":{"line":362,"column":47}},{"start":{"line":362,"column":51},"end":{"line":362,"column":65}}]},"23":{"loc":{"start":{"line":364,"column":4},"end":{"line":367,"column":5}},"type":"if","locations":[{"start":{"line":364,"column":4},"end":{"line":367,"column":5}}]},"24":{"loc":{"start":{"line":389,"column":4},"end":{"line":392,"column":5}},"type":"if","locations":[{"start":{"line":389,"column":4},"end":{"line":392,"column":5}}]},"25":{"loc":{"start":{"line":394,"column":18},"end":{"line":394,"column":43}},"type":"binary-expr","locations":[{"start":{"line":394,"column":18},"end":{"line":394,"column":37}},{"start":{"line":394,"column":41},"end":{"line":394,"column":43}}]},"26":{"loc":{"start":{"line":395,"column":23},"end":{"line":395,"column":65}},"type":"binary-expr","locations":[{"start":{"line":395,"column":23},"end":{"line":395,"column":47}},{"start":{"line":395,"column":51},"end":{"line":395,"column":65}}]},"27":{"loc":{"start":{"line":398,"column":4},"end":{"line":401,"column":5}},"type":"if","locations":[{"start":{"line":398,"column":4},"end":{"line":401,"column":5}}]},"28":{"loc":{"start":{"line":408,"column":4},"end":{"line":411,"column":5}},"type":"if","locations":[{"start":{"line":408,"column":4},"end":{"line":411,"column":5}}]},"29":{"loc":{"start":{"line":427,"column":4},"end":{"line":430,"column":5}},"type":"if","locations":[{"start":{"line":427,"column":4},"end":{"line":430,"column":5}}]},"30":{"loc":{"start":{"line":432,"column":18},"end":{"line":432,"column":43}},"type":"binary-expr","locations":[{"start":{"line":432,"column":18},"end":{"line":432,"column":37}},{"start":{"line":432,"column":41},"end":{"line":432,"column":43}}]},"31":{"loc":{"start":{"line":433,"column":23},"end":{"line":433,"column":65}},"type":"binary-expr","locations":[{"start":{"line":433,"column":23},"end":{"line":433,"column":47}},{"start":{"line":433,"column":51},"end":{"line":433,"column":65}}]},"32":{"loc":{"start":{"line":436,"column":4},"end":{"line":439,"column":5}},"type":"if","locations":[{"start":{"line":436,"column":4},"end":{"line":439,"column":5}}]},"33":{"loc":{"start":{"line":446,"column":4},"end":{"line":449,"column":5}},"type":"if","locations":[{"start":{"line":446,"column":4},"end":{"line":449,"column":5}}]}},"s":{"0":1,"1":1,"2":1,"3":1,"4":1,"5":1,"6":1,"7":1,"8":1,"9":0,"10":0,"11":0,"12":0,"13":0,"14":0,"15":0,"16":0,"17":0,"18":0,"19":0,"20":0,"21":0,"22":0,"23":0,"24":0,"25":0,"26":0,"27":0,"28":0,"29":1,"30":0,"31":0,"32":0,"33":0,"34":0,"35":1,"36":0,"37":0,"38":0,"39":0,"40":0,"41":0,"42":0,"43":0,"44":0,"45":0,"46":0,"47":0,"48":1,"49":0,"50":0,"51":0,"52":0,"53":0,"54":0,"55":0,"56":0,"57":0,"58":0,"59":0,"60":0,"61":1,"62":0,"63":0,"64":0,"65":0,"66":0,"67":0,"68":0,"69":0,"70":0,"71":0,"72":0,"73":0,"74":0,"75":0,"76":0,"77":0,"78":0,"79":0,"80":0,"81":0,"82":0,"83":0,"84":0,"85":0,"86":0,"87":0,"88":0,"89":0,"90":1,"91":0,"92":0,"93":0,"94":0,"95":0,"96":0,"97":0,"98":0,"99":0,"100":0,"101":0,"102":0,"103":0,"104":0,"105":0,"106":0,"107":0,"108":0,"109":0,"110":0,"111":0,"112":0,"113":1,"114":0,"115":0,"116":0,"117":0,"118":0,"119":0,"120":0,"121":0,"122":0,"123":0,"124":0,"125":0,"126":0,"127":0,"128":0,"129":0,"130":0,"131":0,"132":0,"133":1,"134":0,"135":0,"136":0,"137":0,"138":0,"139":0,"140":0,"141":0,"142":0,"143":0,"144":0,"145":0,"146":0,"147":0,"148":0,"149":0,"150":0,"151":0,"152":0,"153":1},"f":{"0":0,"1":0,"2":0,"3":0,"4":0,"5":0,"6":0,"7":0},"b":{"0":[0,0],"1":[0],"2":[0,0],"3":[0,0],"4":[0,0],"5":[0],"6":[0],"7":[0],"8":[0],"9":[0],"10":[0],"11":[0,0,0],"12":[0],"13":[0],"14":[0],"15":[0],"16":[0,0],"17":[0,0],"18":[0],"19":[0],"20":[0],"21":[0,0],"22":[0,0],"23":[0],"24":[0],"25":[0,0],"26":[0,0],"27":[0],"28":[0],"29":[0],"30":[0,0],"31":[0,0],"32":[0],"33":[0]}}
,"C:\\Users\\h_ben\\OneDrive\\Desktop\\pood\\לימודים\\My-Application\\server\\routes\\usersRoute.ts": {"path":"C:\\Users\\h_ben\\OneDrive\\Desktop\\pood\\לימודים\\My-Application\\server\\routes\\usersRoute.ts","statementMap":{"0":{"start":{"line":1,"column":0},"end":{"line":1,"column":53}},"1":{"start":{"line":2,"column":0},"end":{"line":2,"column":28}},"2":{"start":{"line":4,"column":0},"end":{"line":4,"column":37}},"3":{"start":{"line":5,"column":0},"end":{"line":5,"column":46}},"4":{"start":{"line":6,"column":0},"end":{"line":6,"column":45}},"5":{"start":{"line":7,"column":0},"end":{"line":7,"column":null}},"6":{"start":{"line":15,"column":15},"end":{"line":15,"column":31}},"7":{"start":{"line":16,"column":0},"end":{"line":16,"column":27}},"8":{"start":{"line":50,"column":0},"end":{"line":87,"column":3}},"9":{"start":{"line":51,"column":2},"end":{"line":86,"column":3}},"10":{"start":{"line":52,"column":56},"end":{"line":52,"column":64}},"11":{"start":{"line":53,"column":4},"end":{"line":56,"column":5}},"12":{"start":{"line":54,"column":6},"end":{"line":54,"column":67}},"13":{"start":{"line":55,"column":6},"end":{"line":55,"column":13}},"14":{"start":{"line":58,"column":25},"end":{"line":58,"column":79}},"15":{"start":{"line":59,"column":4},"end":{"line":62,"column":5}},"16":{"start":{"line":60,"column":6},"end":{"line":60,"column":61}},"17":{"start":{"line":61,"column":6},"end":{"line":61,"column":13}},"18":{"start":{"line":64,"column":27},"end":{"line":64,"column":58}},"19":{"start":{"line":66,"column":20},"end":{"line":71,"column":6}},"20":{"start":{"line":73,"column":17},"end":{"line":73,"column":37}},"21":{"start":{"line":74,"column":19},"end":{"line":74,"column":38}},"22":{"start":{"line":76,"column":24},"end":{"line":76,"column":55}},"23":{"start":{"line":77,"column":25},"end":{"line":77,"column":57}},"24":{"start":{"line":79,"column":4},"end":{"line":79,"column":45}},"25":{"start":{"line":80,"column":4},"end":{"line":80,"column":57}},"26":{"start":{"line":82,"column":4},"end":{"line":82,"column":42}},"27":{"start":{"line":84,"column":4},"end":{"line":84,"column":49}},"28":{"start":{"line":85,"column":4},"end":{"line":85,"column":57}},"29":{"start":{"line":120,"column":0},"end":{"line":155,"column":3}},"30":{"start":{"line":121,"column":2},"end":{"line":154,"column":3}},"31":{"start":{"line":122,"column":35},"end":{"line":122,"column":43}},"32":{"start":{"line":123,"column":4},"end":{"line":126,"column":5}},"33":{"start":{"line":124,"column":6},"end":{"line":124,"column":67}},"34":{"start":{"line":125,"column":6},"end":{"line":125,"column":13}},"35":{"start":{"line":128,"column":25},"end":{"line":128,"column":57}},"36":{"start":{"line":129,"column":4},"end":{"line":132,"column":5}},"37":{"start":{"line":130,"column":6},"end":{"line":130,"column":63}},"38":{"start":{"line":131,"column":6},"end":{"line":131,"column":13}},"39":{"start":{"line":134,"column":28},"end":{"line":136,"column":null}},"40":{"start":{"line":138,"column":4},"end":{"line":141,"column":5}},"41":{"start":{"line":139,"column":6},"end":{"line":139,"column":63}},"42":{"start":{"line":140,"column":6},"end":{"line":140,"column":13}},"43":{"start":{"line":143,"column":19},"end":{"line":143,"column":46}},"44":{"start":{"line":144,"column":24},"end":{"line":144,"column":55}},"45":{"start":{"line":145,"column":25},"end":{"line":145,"column":57}},"46":{"start":{"line":147,"column":4},"end":{"line":147,"column":45}},"47":{"start":{"line":148,"column":4},"end":{"line":148,"column":57}},"48":{"start":{"line":150,"column":4},"end":{"line":150,"column":42}},"49":{"start":{"line":152,"column":4},"end":{"line":152,"column":46}},"50":{"start":{"line":153,"column":4},"end":{"line":153,"column":57}},"51":{"start":{"line":189,"column":0},"end":{"line":193,"column":3}},"52":{"start":{"line":190,"column":2},"end":{"line":190,"column":35}},"53":{"start":{"line":191,"column":2},"end":{"line":191,"column":34}},"54":{"start":{"line":192,"column":2},"end":{"line":192,"column":63}},"55":{"start":{"line":219,"column":0},"end":{"line":227,"column":3}},"56":{"start":{"line":220,"column":2},"end":{"line":226,"column":3}},"57":{"start":{"line":221,"column":18},"end":{"line":221,"column":35}},"58":{"start":{"line":222,"column":4},"end":{"line":222,"column":32}},"59":{"start":{"line":224,"column":4},"end":{"line":224,"column":50}},"60":{"start":{"line":225,"column":4},"end":{"line":225,"column":78}},"61":{"start":{"line":253,"column":0},"end":{"line":275,"column":3}},"62":{"start":{"line":254,"column":2},"end":{"line":274,"column":3}},"63":{"start":{"line":255,"column":15},"end":{"line":255,"column":28}},"64":{"start":{"line":256,"column":4},"end":{"line":259,"column":5}},"65":{"start":{"line":257,"column":6},"end":{"line":257,"column":64}},"66":{"start":{"line":258,"column":6},"end":{"line":258,"column":13}},"67":{"start":{"line":261,"column":17},"end":{"line":261,"column":58}},"68":{"start":{"line":263,"column":4},"end":{"line":266,"column":5}},"69":{"start":{"line":264,"column":6},"end":{"line":264,"column":56}},"70":{"start":{"line":265,"column":6},"end":{"line":265,"column":13}},"71":{"start":{"line":268,"column":4},"end":{"line":268,"column":31}},"72":{"start":{"line":270,"column":4},"end":{"line":270,"column":55}},"73":{"start":{"line":271,"column":4},"end":{"line":273,"column":68}},"74":{"start":{"line":316,"column":0},"end":{"line":369,"column":3}},"75":{"start":{"line":317,"column":2},"end":{"line":368,"column":3}},"76":{"start":{"line":318,"column":42},"end":{"line":318,"column":50}},"77":{"start":{"line":319,"column":25},"end":{"line":319,"column":72}},"78":{"start":{"line":320,"column":15},"end":{"line":320,"column":28}},"79":{"start":{"line":322,"column":4},"end":{"line":327,"column":5}},"80":{"start":{"line":323,"column":6},"end":{"line":325,"column":70}},"81":{"start":{"line":326,"column":6},"end":{"line":326,"column":13}},"82":{"start":{"line":330,"column":6},"end":{"line":330,"column":8}},"83":{"start":{"line":331,"column":4},"end":{"line":331,"column":49}},"84":{"start":{"line":331,"column":18},"end":{"line":331,"column":49}},"85":{"start":{"line":332,"column":4},"end":{"line":332,"column":40}},"86":{"start":{"line":332,"column":15},"end":{"line":332,"column":40}},"87":{"start":{"line":333,"column":4},"end":{"line":336,"column":5}},"88":{"start":{"line":334,"column":29},"end":{"line":334,"column":60}},"89":{"start":{"line":335,"column":6},"end":{"line":335,"column":43}},"90":{"start":{"line":337,"column":4},"end":{"line":337,"column":57}},"91":{"start":{"line":337,"column":18},"end":{"line":337,"column":57}},"92":{"start":{"line":339,"column":25},"end":{"line":339,"column":56}},"93":{"start":{"line":341,"column":4},"end":{"line":344,"column":5}},"94":{"start":{"line":342,"column":6},"end":{"line":342,"column":56}},"95":{"start":{"line":343,"column":6},"end":{"line":343,"column":13}},"96":{"start":{"line":346,"column":18},"end":{"line":346,"column":43}},"97":{"start":{"line":347,"column":23},"end":{"line":347,"column":65}},"98":{"start":{"line":349,"column":4},"end":{"line":352,"column":5}},"99":{"start":{"line":350,"column":6},"end":{"line":350,"column":75}},"100":{"start":{"line":351,"column":6},"end":{"line":351,"column":13}},"101":{"start":{"line":354,"column":24},"end":{"line":356,"column":6}},"102":{"start":{"line":357,"column":4},"end":{"line":360,"column":5}},"103":{"start":{"line":358,"column":6},"end":{"line":358,"column":56}},"104":{"start":{"line":359,"column":6},"end":{"line":359,"column":13}},"105":{"start":{"line":362,"column":4},"end":{"line":362,"column":38}},"106":{"start":{"line":364,"column":4},"end":{"line":364,"column":49}},"107":{"start":{"line":365,"column":4},"end":{"line":367,"column":68}},"108":{"start":{"line":397,"column":0},"end":{"line":426,"column":3}},"109":{"start":{"line":398,"column":2},"end":{"line":425,"column":3}},"110":{"start":{"line":399,"column":15},"end":{"line":399,"column":28}},"111":{"start":{"line":400,"column":4},"end":{"line":403,"column":5}},"112":{"start":{"line":401,"column":6},"end":{"line":401,"column":64}},"113":{"start":{"line":402,"column":6},"end":{"line":402,"column":13}},"114":{"start":{"line":405,"column":18},"end":{"line":405,"column":43}},"115":{"start":{"line":406,"column":23},"end":{"line":406,"column":65}},"116":{"start":{"line":408,"column":4},"end":{"line":411,"column":5}},"117":{"start":{"line":409,"column":6},"end":{"line":409,"column":75}},"118":{"start":{"line":410,"column":6},"end":{"line":410,"column":13}},"119":{"start":{"line":413,"column":24},"end":{"line":413,"column":56}},"120":{"start":{"line":414,"column":4},"end":{"line":417,"column":5}},"121":{"start":{"line":415,"column":6},"end":{"line":415,"column":56}},"122":{"start":{"line":416,"column":6},"end":{"line":416,"column":13}},"123":{"start":{"line":419,"column":4},"end":{"line":419,"column":38}},"124":{"start":{"line":421,"column":4},"end":{"line":421,"column":49}},"125":{"start":{"line":422,"column":4},"end":{"line":424,"column":68}},"126":{"start":{"line":428,"column":0},"end":{"line":428,"column":22}}},"fnMap":{"0":{"name":"(anonymous_1)","decl":{"start":{"line":50,"column":25},"end":{"line":50,"column":30}},"loc":{"start":{"line":50,"column":63},"end":{"line":87,"column":1}}},"1":{"name":"(anonymous_2)","decl":{"start":{"line":120,"column":22},"end":{"line":120,"column":27}},"loc":{"start":{"line":120,"column":60},"end":{"line":155,"column":1}}},"2":{"name":"(anonymous_3)","decl":{"start":{"line":189,"column":23},"end":{"line":189,"column":24}},"loc":{"start":{"line":189,"column":55},"end":{"line":193,"column":1}}},"3":{"name":"(anonymous_4)","decl":{"start":{"line":219,"column":16},"end":{"line":219,"column":21}},"loc":{"start":{"line":219,"column":54},"end":{"line":227,"column":1}}},"4":{"name":"(anonymous_5)","decl":{"start":{"line":253,"column":19},"end":{"line":253,"column":24}},"loc":{"start":{"line":253,"column":57},"end":{"line":275,"column":1}}},"5":{"name":"(anonymous_6)","decl":{"start":{"line":316,"column":50},"end":{"line":316,"column":55}},"loc":{"start":{"line":316,"column":88},"end":{"line":369,"column":1}}},"6":{"name":"(anonymous_7)","decl":{"start":{"line":397,"column":22},"end":{"line":397,"column":27}},"loc":{"start":{"line":397,"column":60},"end":{"line":426,"column":1}}}},"branchMap":{"0":{"loc":{"start":{"line":53,"column":4},"end":{"line":56,"column":5}},"type":"if","locations":[{"start":{"line":53,"column":4},"end":{"line":56,"column":5}}]},"1":{"loc":{"start":{"line":53,"column":8},"end":{"line":53,"column":40}},"type":"binary-expr","locations":[{"start":{"line":53,"column":8},"end":{"line":53,"column":17}},{"start":{"line":53,"column":21},"end":{"line":53,"column":27}},{"start":{"line":53,"column":31},"end":{"line":53,"column":40}}]},"2":{"loc":{"start":{"line":59,"column":4},"end":{"line":62,"column":5}},"type":"if","locations":[{"start":{"line":59,"column":4},"end":{"line":62,"column":5}}]},"3":{"loc":{"start":{"line":123,"column":4},"end":{"line":126,"column":5}},"type":"if","locations":[{"start":{"line":123,"column":4},"end":{"line":126,"column":5}}]},"4":{"loc":{"start":{"line":123,"column":8},"end":{"line":123,"column":30}},"type":"binary-expr","locations":[{"start":{"line":123,"column":8},"end":{"line":123,"column":17}},{"start":{"line":123,"column":21},"end":{"line":123,"column":30}}]},"5":{"loc":{"start":{"line":129,"column":4},"end":{"line":132,"column":5}},"type":"if","locations":[{"start":{"line":129,"column":4},"end":{"line":132,"column":5}}]},"6":{"loc":{"start":{"line":136,"column":6},"end":{"line":136,"column":33}},"type":"binary-expr","locations":[{"start":{"line":136,"column":6},"end":{"line":136,"column":27}},{"start":{"line":136,"column":31},"end":{"line":136,"column":33}}]},"7":{"loc":{"start":{"line":138,"column":4},"end":{"line":141,"column":5}},"type":"if","locations":[{"start":{"line":138,"column":4},"end":{"line":141,"column":5}}]},"8":{"loc":{"start":{"line":256,"column":4},"end":{"line":259,"column":5}},"type":"if","locations":[{"start":{"line":256,"column":4},"end":{"line":259,"column":5}}]},"9":{"loc":{"start":{"line":263,"column":4},"end":{"line":266,"column":5}},"type":"if","locations":[{"start":{"line":263,"column":4},"end":{"line":266,"column":5}}]},"10":{"loc":{"start":{"line":322,"column":4},"end":{"line":327,"column":5}},"type":"if","locations":[{"start":{"line":322,"column":4},"end":{"line":327,"column":5}}]},"11":{"loc":{"start":{"line":331,"column":4},"end":{"line":331,"column":49}},"type":"if","locations":[{"start":{"line":331,"column":4},"end":{"line":331,"column":49}}]},"12":{"loc":{"start":{"line":332,"column":4},"end":{"line":332,"column":40}},"type":"if","locations":[{"start":{"line":332,"column":4},"end":{"line":332,"column":40}}]},"13":{"loc":{"start":{"line":333,"column":4},"end":{"line":336,"column":5}},"type":"if","locations":[{"start":{"line":333,"column":4},"end":{"line":336,"column":5}}]},"14":{"loc":{"start":{"line":337,"column":4},"end":{"line":337,"column":57}},"type":"if","locations":[{"start":{"line":337,"column":4},"end":{"line":337,"column":57}}]},"15":{"loc":{"start":{"line":341,"column":4},"end":{"line":344,"column":5}},"type":"if","locations":[{"start":{"line":341,"column":4},"end":{"line":344,"column":5}}]},"16":{"loc":{"start":{"line":346,"column":18},"end":{"line":346,"column":43}},"type":"binary-expr","locations":[{"start":{"line":346,"column":18},"end":{"line":346,"column":37}},{"start":{"line":346,"column":41},"end":{"line":346,"column":43}}]},"17":{"loc":{"start":{"line":347,"column":23},"end":{"line":347,"column":65}},"type":"binary-expr","locations":[{"start":{"line":347,"column":23},"end":{"line":347,"column":47}},{"start":{"line":347,"column":51},"end":{"line":347,"column":65}}]},"18":{"loc":{"start":{"line":349,"column":4},"end":{"line":352,"column":5}},"type":"if","locations":[{"start":{"line":349,"column":4},"end":{"line":352,"column":5}}]},"19":{"loc":{"start":{"line":357,"column":4},"end":{"line":360,"column":5}},"type":"if","locations":[{"start":{"line":357,"column":4},"end":{"line":360,"column":5}}]},"20":{"loc":{"start":{"line":400,"column":4},"end":{"line":403,"column":5}},"type":"if","locations":[{"start":{"line":400,"column":4},"end":{"line":403,"column":5}}]},"21":{"loc":{"start":{"line":405,"column":18},"end":{"line":405,"column":43}},"type":"binary-expr","locations":[{"start":{"line":405,"column":18},"end":{"line":405,"column":37}},{"start":{"line":405,"column":41},"end":{"line":405,"column":43}}]},"22":{"loc":{"start":{"line":406,"column":23},"end":{"line":406,"column":65}},"type":"binary-expr","locations":[{"start":{"line":406,"column":23},"end":{"line":406,"column":47}},{"start":{"line":406,"column":51},"end":{"line":406,"column":65}}]},"23":{"loc":{"start":{"line":408,"column":4},"end":{"line":411,"column":5}},"type":"if","locations":[{"start":{"line":408,"column":4},"end":{"line":411,"column":5}}]},"24":{"loc":{"start":{"line":414,"column":4},"end":{"line":417,"column":5}},"type":"if","locations":[{"start":{"line":414,"column":4},"end":{"line":417,"column":5}}]}},"s":{"0":1,"1":1,"2":1,"3":1,"4":1,"5":1,"6":1,"7":1,"8":1,"9":1,"10":1,"11":1,"12":0,"13":0,"14":1,"15":1,"16":0,"17":0,"18":1,"19":1,"20":1,"21":1,"22":1,"23":1,"24":1,"25":1,"26":1,"27":0,"28":0,"29":1,"30":1,"31":1,"32":1,"33":0,"34":0,"35":1,"36":1,"37":0,"38":0,"39":1,"40":1,"41":0,"42":0,"43":1,"44":1,"45":1,"46":1,"47":1,"48":1,"49":0,"50":0,"51":1,"52":1,"53":1,"54":1,"55":1,"56":1,"57":1,"58":1,"59":0,"60":0,"61":1,"62":1,"63":1,"64":1,"65":0,"66":0,"67":1,"68":1,"69":0,"70":0,"71":1,"72":0,"73":0,"74":1,"75":1,"76":1,"77":1,"78":1,"79":1,"80":0,"81":0,"82":1,"83":1,"84":1,"85":1,"86":1,"87":1,"88":1,"89":1,"90":1,"91":0,"92":1,"93":1,"94":0,"95":0,"96":1,"97":1,"98":1,"99":0,"100":0,"101":1,"102":1,"103":0,"104":0,"105":1,"106":0,"107":0,"108":1,"109":1,"110":1,"111":1,"112":0,"113":0,"114":1,"115":1,"116":1,"117":0,"118":0,"119":1,"120":1,"121":0,"122":0,"123":1,"124":0,"125":0,"126":1},"f":{"0":1,"1":1,"2":1,"3":1,"4":1,"5":1,"6":1},"b":{"0":[0],"1":[1,1,1],"2":[0],"3":[0],"4":[1,1],"5":[0],"6":[1,0],"7":[0],"8":[0],"9":[0],"10":[0],"11":[1],"12":[1],"13":[1],"14":[0],"15":[0],"16":[1,0],"17":[1,0],"18":[0],"19":[0],"20":[0],"21":[1,0],"22":[1,0],"23":[0],"24":[0]}}
}
