TN:
SF:app.ts
FN:17,(anonymous_1)
FN:51,(anonymous_2)
FN:55,(anonymous_3)
FN:62,(anonymous_4)
FN:63,(anonymous_5)
FNF:5
FNH:3
FNDA:1,(anonymous_1)
FNDA:1,(anonymous_2)
FNDA:0,(anonymous_3)
FNDA:0,(anonymous_4)
FNDA:1,(anonymous_5)
DA:1,1
DA:2,1
DA:3,1
DA:4,1
DA:5,1
DA:6,1
DA:7,1
DA:8,1
DA:9,1
DA:10,1
DA:11,1
DA:12,1
DA:13,1
DA:14,1
DA:15,1
DA:17,1
DA:18,1
DA:19,1
DA:21,1
DA:26,1
DA:34,1
DA:35,1
DA:36,1
DA:37,1
DA:38,1
DA:41,1
DA:42,1
DA:43,1
DA:44,1
DA:45,1
DA:46,1
DA:49,1
DA:52,1
DA:53,1
DA:56,0
DA:57,0
DA:61,1
DA:62,1
DA:63,1
DA:66,1
LF:40
LH:38
BRDA:27,0,0,1
BRDA:27,0,1,0
BRF:2
BRH:1
end_of_record
TN:
SF:swaggerConfig.js
FNF:0
FNH:0
DA:1,1
DA:3,1
DA:17,1
DA:22,1
DA:24,1
LF:5
LH:5
BRF:0
BRH:0
end_of_record
TN:
SF:db\dbUtils.js
FNF:0
FNH:0
DA:1,1
DA:3,1
DA:12,1
DA:38,1
DA:39,1
DA:41,1
LF:6
LH:6
BRF:0
BRH:0
end_of_record
TN:
SF:handlers\auth.ts
FN:4,(anonymous_0)
FNF:1
FNH:1
FNDA:7,(anonymous_0)
DA:2,1
DA:4,1
DA:9,7
DA:10,2
DA:15,2
DA:18,5
DA:21,1
LF:7
LH:7
BRDA:9,0,0,2
BRDA:9,1,0,7
BRDA:9,1,1,6
BRDA:18,2,0,5
BRF:4
BRH:4
end_of_record
TN:
SF:handlers\authUtils.ts
FN:16,(anonymous_1)
FN:22,(anonymous_2)
FN:30,(anonymous_3)
FN:41,(anonymous_4)
FN:50,(anonymous_5)
FN:64,(anonymous_6)
FNF:6
FNH:5
FNDA:2,(anonymous_1)
FNDA:2,(anonymous_2)
FNDA:2,(anonymous_3)
FNDA:10,(anonymous_4)
FNDA:0,(anonymous_5)
FNDA:5,(anonymous_6)
DA:1,1
DA:3,1
DA:5,1
DA:7,1
DA:11,1
DA:16,1
DA:17,2
DA:18,0
DA:19,2
DA:22,1
DA:23,2
DA:24,0
DA:27,2
DA:30,1
DA:31,2
DA:32,2
DA:33,2
DA:34,2
DA:41,1
DA:42,10
DA:43,10
DA:44,10
DA:46,0
DA:50,1
DA:53,0
DA:54,0
DA:55,0
DA:56,0
DA:60,0
DA:64,1
DA:65,5
DA:66,5
DA:67,5
DA:68,0
DA:69,0
DA:72,5
DA:73,5
DA:75,5
DA:76,0
DA:77,0
DA:78,0
DA:79,0
DA:82,0
DA:83,0
DA:84,0
DA:85,0
DA:88,0
DA:91,0
DA:93,0
DA:96,5
DA:98,5
DA:99,5
DA:101,0
DA:102,0
LF:54
LH:31
BRDA:17,0,0,0
BRDA:23,1,0,0
BRDA:31,2,0,2
BRDA:33,3,0,2
BRDA:43,4,0,0
BRDA:54,5,0,0
BRDA:67,6,0,0
BRDA:75,7,0,0
BRDA:77,8,0,0
BRDA:83,9,0,0
BRF:10
BRH:2
end_of_record
TN:
SF:handlers\passportConfig.ts
FN:17,(anonymous_1)
FN:48,(anonymous_2)
FN:52,(anonymous_3)
FNF:3
FNH:0
FNDA:0,(anonymous_1)
FNDA:0,(anonymous_2)
FNDA:0,(anonymous_3)
DA:1,1
DA:2,1
DA:3,1
DA:4,1
DA:6,1
DA:8,1
DA:10,1
DA:18,0
DA:20,0
DA:21,0
DA:23,0
DA:27,0
DA:32,0
DA:33,0
DA:34,0
DA:35,0
DA:37,0
DA:40,0
DA:42,0
DA:48,1
DA:49,0
DA:52,1
DA:53,0
DA:56,1
LF:24
LH:10
BRDA:8,0,0,1
BRDA:8,0,1,0
BRDA:32,1,0,0
BRDA:32,1,1,0
BRF:4
BRH:1
end_of_record
TN:
SF:handlers\uploadUtils.ts
FN:6,(anonymous_1)
FN:19,(anonymous_2)
FNF:2
FNH:0
FNDA:0,(anonymous_1)
FNDA:0,(anonymous_2)
DA:1,1
DA:2,1
DA:3,1
DA:5,1
DA:7,0
DA:8,0
DA:11,0
DA:12,0
DA:13,0
DA:14,0
DA:17,0
DA:20,0
DA:21,0
DA:25,1
DA:27,1
LF:15
LH:6
BRDA:11,0,0,0
BRDA:11,0,1,0
BRDA:13,1,0,0
BRF:3
BRH:0
end_of_record
TN:
SF:models\models.ts
FNF:0
FNH:0
DA:1,1
DA:11,1
DA:19,1
DA:40,1
DA:60,1
LF:5
LH:5
BRDA:20,0,0,1
BRDA:20,0,1,0
BRDA:61,1,0,1
BRDA:61,1,1,0
BRF:4
BRH:2
end_of_record
TN:
SF:routes\commentsRoute.ts
FN:51,(anonymous_1)
FN:132,(anonymous_2)
FN:154,(anonymous_3)
FN:222,(anonymous_4)
FN:241,(anonymous_5)
FN:298,(anonymous_6)
FN:301,(anonymous_7)
FN:360,(anonymous_8)
FN:378,(anonymous_9)
FN:430,(anonymous_10)
FNF:10
FNH:0
FNDA:0,(anonymous_1)
FNDA:0,(anonymous_2)
FNDA:0,(anonymous_3)
FNDA:0,(anonymous_4)
FNDA:0,(anonymous_5)
FNDA:0,(anonymous_6)
FNDA:0,(anonymous_7)
FNDA:0,(anonymous_8)
FNDA:0,(anonymous_9)
FNDA:0,(anonymous_10)
DA:1,1
DA:3,1
DA:4,1
DA:6,1
DA:8,1
DA:9,1
DA:51,1
DA:52,0
DA:53,0
DA:55,0
DA:56,0
DA:57,0
DA:60,0
DA:61,0
DA:62,0
DA:64,0
DA:65,0
DA:66,0
DA:69,0
DA:71,0
DA:72,0
DA:76,0
DA:77,0
DA:78,0
DA:81,0
DA:83,0
DA:84,0
DA:132,1
DA:133,0
DA:134,0
DA:135,0
DA:137,0
DA:138,0
DA:141,0
DA:144,0
DA:145,0
DA:146,0
DA:148,0
DA:149,0
DA:150,0
DA:153,0
DA:154,0
DA:156,0
DA:157,0
DA:158,0
DA:161,0
DA:168,0
DA:173,0
DA:174,0
DA:175,0
DA:178,0
DA:180,0
DA:181,0
DA:222,1
DA:223,0
DA:224,0
DA:226,0
DA:227,0
DA:228,0
DA:231,0
DA:232,0
DA:233,0
DA:235,0
DA:236,0
DA:237,0
DA:240,0
DA:241,0
DA:243,0
DA:244,0
DA:245,0
DA:248,0
DA:249,0
DA:253,0
DA:254,0
DA:255,0
DA:258,0
DA:260,0
DA:261,0
DA:264,0
DA:298,1
DA:299,0
DA:300,0
DA:301,0
DA:303,0
DA:304,0
DA:305,0
DA:308,0
DA:310,0
DA:311,0
DA:360,1
DA:361,0
DA:362,0
DA:367,0
DA:368,0
DA:369,0
DA:372,0
DA:373,0
DA:374,0
DA:375,0
DA:378,0
DA:379,0
DA:380,0
DA:381,0
DA:384,0
DA:386,0
DA:387,0
DA:430,1
DA:431,0
DA:432,0
DA:433,0
DA:434,0
DA:435,0
DA:438,0
DA:439,0
DA:440,0
DA:441,0
DA:444,0
DA:446,0
DA:447,0
DA:453,1
LF:120
LH:13
BRDA:55,0,0,0
BRDA:55,1,0,0
BRDA:55,1,1,0
BRDA:60,2,0,0
BRDA:60,2,1,0
BRDA:61,3,0,0
BRDA:61,3,1,0
BRDA:64,4,0,0
BRDA:76,5,0,0
BRDA:137,6,0,0
BRDA:137,7,0,0
BRDA:137,7,1,0
BRDA:137,7,2,0
BRDA:144,8,0,0
BRDA:144,8,1,0
BRDA:145,9,0,0
BRDA:145,9,1,0
BRDA:148,10,0,0
BRDA:156,11,0,0
BRDA:156,12,0,0
BRDA:156,12,1,0
BRDA:173,13,0,0
BRDA:226,14,0,0
BRDA:226,15,0,0
BRDA:226,15,1,0
BRDA:231,16,0,0
BRDA:231,16,1,0
BRDA:232,17,0,0
BRDA:232,17,1,0
BRDA:235,18,0,0
BRDA:243,19,0,0
BRDA:243,20,0,0
BRDA:243,20,1,0
BRDA:253,21,0,0
BRDA:303,22,0,0
BRDA:367,23,0,0
BRDA:367,24,0,0
BRDA:367,24,1,0
BRDA:373,25,0,0
BRDA:379,26,0,0
BRDA:433,27,0,0
BRDA:439,28,0,0
BRF:42
BRH:0
end_of_record
TN:
SF:routes\googleRoute.ts
FN:19,(anonymous_1)
FNF:1
FNH:0
FNDA:0,(anonymous_1)
DA:1,1
DA:2,1
DA:3,1
DA:4,1
DA:9,1
DA:11,1
DA:16,1
DA:20,0
DA:22,0
DA:23,0
DA:25,0
DA:26,0
DA:28,0
DA:30,0
DA:34,1
LF:15
LH:8
BRDA:28,0,0,0
BRDA:28,0,1,0
BRF:2
BRH:0
end_of_record
TN:
SF:routes\postsRoute.ts
FN:51,(anonymous_1)
FN:118,(anonymous_2)
FN:168,(anonymous_3)
FN:212,(anonymous_4)
FN:272,(anonymous_5)
FN:345,(anonymous_6)
FN:385,(anonymous_7)
FN:423,(anonymous_8)
FNF:8
FNH:0
FNDA:0,(anonymous_1)
FNDA:0,(anonymous_2)
FNDA:0,(anonymous_3)
FNDA:0,(anonymous_4)
FNDA:0,(anonymous_5)
FNDA:0,(anonymous_6)
FNDA:0,(anonymous_7)
FNDA:0,(anonymous_8)
DA:1,1
DA:2,1
DA:3,1
DA:4,1
DA:6,1
DA:7,1
DA:9,1
DA:10,1
DA:51,1
DA:52,0
DA:53,0
DA:54,0
DA:56,0
DA:57,0
DA:58,0
DA:61,0
DA:62,0
DA:63,0
DA:65,0
DA:66,0
DA:67,0
DA:70,0
DA:77,0
DA:79,0
DA:80,0
DA:82,0
DA:83,0
DA:85,0
DA:86,0
DA:118,1
DA:119,0
DA:120,0
DA:121,0
DA:123,0
DA:124,0
DA:168,1
DA:169,0
DA:170,0
DA:172,0
DA:173,0
DA:174,0
DA:176,0
DA:177,0
DA:178,0
DA:179,0
DA:181,0
DA:183,0
DA:184,0
DA:212,1
DA:213,0
DA:214,0
DA:215,0
DA:216,0
DA:217,0
DA:220,0
DA:221,0
DA:222,0
DA:223,0
DA:226,0
DA:228,0
DA:229,0
DA:272,1
DA:273,0
DA:274,0
DA:275,0
DA:276,0
DA:277,0
DA:279,0
DA:280,0
DA:283,0
DA:286,0
DA:287,0
DA:288,0
DA:290,0
DA:291,0
DA:293,0
DA:294,0
DA:295,0
DA:298,0
DA:299,0
DA:301,0
DA:302,0
DA:303,0
DA:306,0
DA:310,0
DA:312,0
DA:313,0
DA:345,1
DA:346,0
DA:347,0
DA:348,0
DA:349,0
DA:350,0
DA:353,0
DA:354,0
DA:356,0
DA:357,0
DA:358,0
DA:361,0
DA:362,0
DA:364,0
DA:365,0
DA:366,0
DA:369,0
DA:370,0
DA:371,0
DA:373,0
DA:375,0
DA:377,0
DA:378,0
DA:385,1
DA:386,0
DA:387,0
DA:389,0
DA:390,0
DA:391,0
DA:394,0
DA:395,0
DA:396,0
DA:398,0
DA:399,0
DA:400,0
DA:403,0
DA:404,0
DA:408,0
DA:409,0
DA:410,0
DA:413,0
DA:415,0
DA:416,0
DA:423,1
DA:424,0
DA:425,0
DA:427,0
DA:428,0
DA:429,0
DA:432,0
DA:433,0
DA:434,0
DA:436,0
DA:437,0
DA:438,0
DA:441,0
DA:442,0
DA:446,0
DA:447,0
DA:448,0
DA:451,0
DA:453,0
DA:454,0
DA:460,1
LF:151
LH:17
BRDA:54,0,0,0
BRDA:54,0,1,0
BRDA:56,1,0,0
BRDA:56,2,0,0
BRDA:56,2,1,0
BRDA:61,3,0,0
BRDA:61,3,1,0
BRDA:62,4,0,0
BRDA:62,4,1,0
BRDA:65,5,0,0
BRDA:172,6,0,0
BRDA:177,7,0,0
BRDA:215,8,0,0
BRDA:221,9,0,0
BRDA:279,10,0,0
BRDA:279,11,0,0
BRDA:279,11,1,0
BRDA:279,11,2,0
BRDA:286,12,0,0
BRDA:287,13,0,0
BRDA:288,14,0,0
BRDA:293,15,0,0
BRDA:298,16,0,0
BRDA:298,16,1,0
BRDA:299,17,0,0
BRDA:299,17,1,0
BRDA:301,18,0,0
BRDA:348,19,0,0
BRDA:356,20,0,0
BRDA:361,21,0,0
BRDA:361,21,1,0
BRDA:362,22,0,0
BRDA:362,22,1,0
BRDA:364,23,0,0
BRDA:389,24,0,0
BRDA:394,25,0,0
BRDA:394,25,1,0
BRDA:395,26,0,0
BRDA:395,26,1,0
BRDA:398,27,0,0
BRDA:408,28,0,0
BRDA:427,29,0,0
BRDA:432,30,0,0
BRDA:432,30,1,0
BRDA:433,31,0,0
BRDA:433,31,1,0
BRDA:436,32,0,0
BRDA:446,33,0,0
BRF:48
BRH:0
end_of_record
TN:
SF:routes\usersRoute.ts
FN:50,(anonymous_1)
FN:120,(anonymous_2)
FN:189,(anonymous_3)
FN:219,(anonymous_4)
FN:253,(anonymous_5)
FN:316,(anonymous_6)
FN:397,(anonymous_7)
FNF:7
FNH:7
FNDA:1,(anonymous_1)
FNDA:1,(anonymous_2)
FNDA:1,(anonymous_3)
FNDA:1,(anonymous_4)
FNDA:1,(anonymous_5)
FNDA:1,(anonymous_6)
FNDA:1,(anonymous_7)
DA:1,1
DA:2,1
DA:4,1
DA:5,1
DA:6,1
DA:7,1
DA:15,1
DA:16,1
DA:50,1
DA:51,1
DA:52,1
DA:53,1
DA:54,0
DA:55,0
DA:58,1
DA:59,1
DA:60,0
DA:61,0
DA:64,1
DA:66,1
DA:73,1
DA:74,1
DA:76,1
DA:77,1
DA:79,1
DA:80,1
DA:82,1
DA:84,0
DA:85,0
DA:120,1
DA:121,1
DA:122,1
DA:123,1
DA:124,0
DA:125,0
DA:128,1
DA:129,1
DA:130,0
DA:131,0
DA:134,1
DA:138,1
DA:139,0
DA:140,0
DA:143,1
DA:144,1
DA:145,1
DA:147,1
DA:148,1
DA:150,1
DA:152,0
DA:153,0
DA:189,1
DA:190,1
DA:191,1
DA:192,1
DA:219,1
DA:220,1
DA:221,1
DA:222,1
DA:224,0
DA:225,0
DA:253,1
DA:254,1
DA:255,1
DA:256,1
DA:257,0
DA:258,0
DA:261,1
DA:263,1
DA:264,0
DA:265,0
DA:268,1
DA:270,0
DA:271,0
DA:316,1
DA:317,1
DA:318,1
DA:319,1
DA:320,1
DA:322,1
DA:323,0
DA:326,0
DA:330,1
DA:331,1
DA:332,1
DA:333,1
DA:334,1
DA:335,1
DA:337,1
DA:339,1
DA:341,1
DA:342,0
DA:343,0
DA:346,1
DA:347,1
DA:349,1
DA:350,0
DA:351,0
DA:354,1
DA:357,1
DA:358,0
DA:359,0
DA:362,1
DA:364,0
DA:365,0
DA:397,1
DA:398,1
DA:399,1
DA:400,1
DA:401,0
DA:402,0
DA:405,1
DA:406,1
DA:408,1
DA:409,0
DA:410,0
DA:413,1
DA:414,1
DA:415,0
DA:416,0
DA:419,1
DA:421,0
DA:422,0
DA:428,1
LF:124
LH:84
BRDA:53,0,0,0
BRDA:53,1,0,1
BRDA:53,1,1,1
BRDA:53,1,2,1
BRDA:59,2,0,0
BRDA:123,3,0,0
BRDA:123,4,0,1
BRDA:123,4,1,1
BRDA:129,5,0,0
BRDA:136,6,0,1
BRDA:136,6,1,0
BRDA:138,7,0,0
BRDA:256,8,0,0
BRDA:263,9,0,0
BRDA:322,10,0,0
BRDA:331,11,0,1
BRDA:332,12,0,1
BRDA:333,13,0,1
BRDA:337,14,0,0
BRDA:341,15,0,0
BRDA:346,16,0,1
BRDA:346,16,1,0
BRDA:347,17,0,1
BRDA:347,17,1,0
BRDA:349,18,0,0
BRDA:357,19,0,0
BRDA:400,20,0,0
BRDA:405,21,0,1
BRDA:405,21,1,0
BRDA:406,22,0,1
BRDA:406,22,1,0
BRDA:408,23,0,0
BRDA:414,24,0,0
BRF:33
BRH:13
end_of_record
